
          -------------------------------------------------------
          Amber 18 PMEMD                              2018
          -------------------------------------------------------

| PMEMD implementation of SANDER, Release 18

| Run on 08/29/2019 at 09:34:23

|   Executable path: /mnt/raidc2/ywang/amber18/bin/pmemd.cuda
| Working directory: /mnt/raidc2/ywang/hackathon/testset/ff14SBonlysc/03.md/amber19_cuda
|          Hostname: naga91

  [-O]verwriting output

File Assignments:
|   MDIN: md.in                                                                 
|  MDOUT: md.out                                                                
| INPCRD: ../../02.min/min.rst                                                  
|   PARM: ../../01.leap/ARGdipeptide.top                                        
| RESTRT: md.rst                                                                
|   REFC: refc                                                                  
|  MDVEL: mdvel                                                                 
|   MDEN: mden                                                                  
|  MDCRD: md.x                                                                  
| MDINFO: mdinfo                                                                
|  MDFRC: mdfrc                                                                 


 Here is the input file:

md.in                                                                          
&cntrl                                                                         
       imin = 0, nstlim = 1, dt = 0.001,                                       
       ntx = 1, irest = 0, ig = 123456,                                        
       ntt=1, tempi = 300.0, temp0=300.0,                                      
       ntwx = 1, ntwe = 1, ntwr = 1, ntpr = 1,                                 
       cut = 9999.0,                                                           
       ntb = 0,                                                                
       igb = 8,                                                                
       ioutfm = 1,                                                             
       ntr = 0,                                                                
/                                                                              
                                                                               


| irandom = 1, using AMBER's internal random number generator (default).
 
|--------------------- INFORMATION ----------------------
| GPU (CUDA) Version of PMEMD in use: NVIDIA GPU IN USE.
|                    Version 18.0.0
| 
|                      03/25/2018
| 
| Implementation by:
|                    Ross C. Walker     (SDSC)
|                    Scott Le Grand     (nVIDIA)
| 
| Version 18 performance extensions by:
|                    David Cerutti     (Rutgers)
| 
| Precision model in use:
|      [SPFP] - Single Precision Forces, 64-bit Fixed Point
|               Accumulation. (Default)
| 
|--------------------------------------------------------
 
|----------------- CITATION INFORMATION -----------------
|
|    When publishing work that utilized the CUDA version
|    of AMBER, please cite the following in addition to
|    the regular AMBER citations:
|
|  - Andreas W. Goetz; Mark J. Williamson; Dong Xu;
|    Duncan Poole; Scott Le Grand; Ross C. Walker
|    "Routine microsecond molecular dynamics simulations
|    with AMBER - Part I: Generalized Born", J. Chem.
|    Theory Comput., 2012, 8 (5), pp1542-1555.
|
|  - Scott Le Grand; Andreas W. Goetz; Ross C. Walker
|    "SPFP: Speed without compromise - a mixed precision
|    model for GPU accelerated molecular dynamics
|    simulations.", Comp. Phys. Comm., 2013, 184
|    pp374-380, DOI: 10.1016/j.cpc.2012.09.022
|
|--------------------------------------------------------
 
|------------------- GPU DEVICE INFO --------------------
|
|            CUDA_VISIBLE_DEVICES: 3
|   CUDA Capable Devices Detected:      1
|           CUDA Device ID in use:      0
|                CUDA Device Name: GeForce GTX 980
|     CUDA Device Global Mem Size:   4043 MB
| CUDA Device Num Multiprocessors:     16
|           CUDA Device Core Freq:   1.22 GHz
|
|--------------------------------------------------------
 
| Conditional Compilation Defines Used:
| PUBFFT
| BINTRAJ
| CUDA
| EMIL

| New format PARM file being parsed.
| Version =    1.000 Date = 08/02/19 Time = 12:25:36

| Note: 1-4 EEL scale factors are being read from the topology file.

| Note: 1-4 VDW scale factors are being read from the topology file.
| INFO:    Reading atomic numbers from topology file.
| Duplicated    0 dihedrals

| Duplicated    0 dihedrals

--------------------------------------------------------------------------------
   1.  RESOURCE   USE: 
--------------------------------------------------------------------------------

 NATOM  =      36 NTYPES =       7 NBONH =      20 MBONA  =      15
 NTHETH =      42 MTHETA =      18 NPHIH =      85 MPHIA  =      37
 NHPARM =       0 NPARM  =       0 NNB   =     174 NRES   =       3
 NBONA  =      15 NTHETA =      18 NPHIA =      37 NUMBND =      17
 NUMANG =      34 NPTRA  =      27 NATYP =      11 NPHB   =       0
 IFBOX  =       0 NMXRS  =      24 IFCAP =       0 NEXTRA =       0
 NCOPY  =       0

 Implicit solvent radii are ArgH and AspGluO modified Bondi2 radii (mbondi3)                                
 Replacing prmtop screening parameters with GBn2 (igb=8) values
--------------------------------------------------------------------------------
   2.  CONTROL  DATA  FOR  THE  RUN
--------------------------------------------------------------------------------

ACE                                                                             

General flags:
     imin    =       0, nmropt  =       0

Nature and format of input:
     ntx     =       1, irest   =       0, ntrx    =       1

Nature and format of output:
     ntxo    =       2, ntpr    =       1, ntrx    =       1, ntwr    =       1
     iwrap   =       0, ntwx    =       1, ntwv    =       0, ntwe    =       1
     ioutfm  =       1, ntwprt  =       0, idecomp =       0, rbornstat=      0

Potential function:
     ntf     =       1, ntb     =       0, igb     =       8, nsnb    =      25
     ipol    =       0, gbsa    =       0, iesp    =       0
     dielc   =   1.00000, cut     =9999.00000, intdiel =   1.00000
     saltcon =   0.00000, offset  =   0.19514, surften =   0.00500
     rdt     =   0.00000, rgbmax  =  25.00000  extdiel =  78.50000
     alpb  =        0
     gbalphaH  =   0.78844, gbbetaH   =   0.79870,  gbgammaH  =    0.43733
     gbalphaC  =   0.73376, gbbetaC   =   0.50638,  gbgammaC  =    0.20584
     gbalphaN  =   0.50336, gbbetaN   =   0.31683,  gbgammaN  =    0.19292
     gbalphaOS =   0.86781, gbbetaOS  =   0.87664,  gbgammaOS =    0.38788
     gbalphaP  =   1.00000, gbbetaP   =   0.80000,  gbgammaP  =    4.85000
     gb_alpha_hnu  =   0.53705, gb_beta_hnu   =   0.36286,  gb_gamma_hnu  =    0.11670
     gb_alpha_cnu  =   0.33167, gb_beta_cnu   =   0.19684,  gb_gamma_cnu  =    0.09342
     gb_alpha_nnu  =   0.68631, gb_beta_nnu   =   0.46319,  gb_gamma_nnu  =    0.13872
     gb_alpha_onu  =   0.60634, gb_beta_onu   =   0.46301,  gb_gamma_onu  =    0.14226
     gb_alpha_pnu  =   0.41836, gb_beta_pnu   =   0.29005,  gb_gamma_pnu  =    0.10642

Frozen or restrained atoms:
     ibelly  =       0, ntr     =       0

Molecular dynamics:
     nstlim  =         1, nscm    =      1000, nrespa  =         1
     t       =   0.00000, dt      =   0.00100, vlimit  =  -1.00000

Berendsen (weak-coupling) temperature regulation:
     temp0   = 300.00000, tempi   = 300.00000, tautp   =   1.00000

| Intermolecular bonds treatment:
|     no_intermolecular_bonds =       1

| Energy averages sample interval:
|     ene_avg_sampling =       1

--------------------------------------------------------------------------------
   3.  ATOMIC COORDINATES AND VELOCITIES
--------------------------------------------------------------------------------

ACE                                                                             
 begin time read from input coords =     0.000 ps

 
 Number of triangulated 3-point waters found:        0
| Dynamic Memory, Types Used:
| Reals                1446
| Integers             3307

| GPU memory information (estimate):
| KB of GPU memory in use:         0
| KB of CPU memory in use:         0

--------------------------------------------------------------------------------
   4.  RESULTS
--------------------------------------------------------------------------------


 NSTEP =        0   TIME(PS) =       0.000  TEMP(K) =   271.30  PRESS =     0.0
 Etot   =      -201.1932  EKtot   =        27.4950  EPtot      =      -228.6882
 BOND   =         2.2640  ANGLE   =         1.9809  DIHED      =         9.3097
 1-4 NB =         3.6952  1-4 EEL =      -228.1303  VDWAALS    =        -3.1079
 EELEC  =        68.9443  EGB     =       -83.6441  RESTRAINT  =         0.0000
 ------------------------------------------------------------------------------


 NSTEP =        1   TIME(PS) =       0.001  TEMP(K) =   271.30  PRESS =     0.0
 Etot   =      -201.1932  EKtot   =        27.4950  EPtot      =      -228.6882
 BOND   =         2.2640  ANGLE   =         1.9809  DIHED      =         9.3097
 1-4 NB =         3.6952  1-4 EEL =      -228.1303  VDWAALS    =        -3.1079
 EELEC  =        68.9443  EGB     =       -83.6441  RESTRAINT  =         0.0000
 ------------------------------------------------------------------------------


      A V E R A G E S   O V E R       1 S T E P S


 NSTEP =        1   TIME(PS) =       0.001  TEMP(K) =   271.30  PRESS =     0.0
 Etot   =      -201.1932  EKtot   =        27.4950  EPtot      =      -228.6882
 BOND   =         2.2640  ANGLE   =         1.9809  DIHED      =         9.3097
 1-4 NB =         3.6952  1-4 EEL =      -228.1303  VDWAALS    =        -3.1079
 EELEC  =        68.9443  EGB     =       -83.6441  RESTRAINT  =         0.0000
 ------------------------------------------------------------------------------


      R M S  F L U C T U A T I O N S


 NSTEP =        1   TIME(PS) =       0.001  TEMP(K) =     0.00  PRESS =     0.0
 Etot   =         0.0000  EKtot   =         0.0000  EPtot      =         0.0000
 BOND   =         0.0000  ANGLE   =         0.0000  DIHED      =         0.0000
 1-4 NB =         0.0000  1-4 EEL =         0.0000  VDWAALS    =         0.0000
 EELEC  =         0.0000  EGB     =         0.0000  RESTRAINT  =         0.0000
 ------------------------------------------------------------------------------

--------------------------------------------------------------------------------
   5.  TIMINGS
--------------------------------------------------------------------------------

|  NonSetup CPU Time in Major Routines:
|
|     Routine           Sec        %
|     ------------------------------
|     Nonbond           0.01   79.37
|     Bond              0.00    0.00
|     Angle             0.00    0.00
|     Dihedral          0.00    0.00
|     Shake             0.00    0.00
|     RunMD             0.00   20.49
|     Other             0.00    0.14
|     ------------------------------
|     Total             0.01

|  Generalized Born CPU Time:
|
|     Routine                 Sec        %
|     ------------------------------------
|     Radii Calc              0.00    0.00
|     Diagonal Calc           0.00    0.00
|     Off Diagonal Calc       0.00    0.00
|     GBSA LCPO Calc          0.00    0.00
|     ---------------------------------
|     Total                   0.00    0.00

|  Final Performance Info:
|     -----------------------------------------------------
|     Average timings for last       1 steps:
|     Elapsed(s) =       0.15 Per Step(ms) =     146.99
|         ns/day =       0.59   seconds/ns =  146991.94
|
|     Average timings for all steps:
|     Elapsed(s) =       0.15 Per Step(ms) =     146.99
|         ns/day =       0.59   seconds/ns =  146991.94
|     -----------------------------------------------------

|  Setup CPU time:            0.49 seconds
|  NonSetup CPU time:         0.01 seconds
|  Total CPU time:            0.50 seconds     0.00 hours

|  Setup wall time:           3    seconds
|  NonSetup wall time:        0    seconds
|  Total wall time:           3    seconds     0.00 hours
