
          -------------------------------------------------------
          Amber 16 PMEMD                              2016
          -------------------------------------------------------

| PMEMD implementation of SANDER, Release 16

| Run on 09/18/2019 at 14:55:24

|   Executable path: /mnt/raidc2/koushik/amber16gbsarecompile/bin/pmemd
| Working directory: /mnt/raidc2/ywang/hackathon/GLY/ff19SB/03.md/16_koushik_gbsa_3
|          Hostname: Unknown
  [-O]verwriting output

File Assignments:
|   MDIN: md.in                                                                 
|  MDOUT: md.out                                                                
| INPCRD: ../../02.min/min.rst                                                  
|   PARM: ../../01.leap/GLYdipeptide.top                                        
| RESTRT: md.rst                                                                
|   REFC: refc                                                                  
|  MDVEL: mdvel                                                                 
|   MDEN: mden                                                                  
|  MDCRD: md.x                                                                  
| MDINFO: mdinfo                                                                
|  MDFRC: mdfrc                                                                 


 Here is the input file:

md.in                                                                          
&cntrl                                                                         
       imin = 0, nstlim = 1, dt = 0.001,                                       
       ntx = 1, irest = 0, ig = 123456,                                        
       ntt = 1, tempi = 300.0, temp0 = 300.0,                                  
       ntc = 2, ntf = 2,                                                       
       ntwx = 1, ntwe = 1, ntwr = 1, ntpr = 1,                                 
       cut = 9999.0,                                                           
       ntb = 0,                                                                
       igb = 8, gbsa = 3, surften = 0.007,                                     
       ioutfm = 1,                                                             
       ntr = 0,  nscm = 1000,                                                  
/                                                                              
                                                                               


 
| Conditional Compilation Defines Used:
| PUBFFT
| BINTRAJ
| EMIL

| New format PARM file being parsed.
| Version =    1.000 Date = 09/18/19 Time = 14:53:02

| Note: 1-4 EEL scale factors are being read from the topology file.

| Note: 1-4 VDW scale factors are being read from the topology file.
| INFO:    Reading atomic numbers from topology file.
| Duplicated    0 dihedrals

| Duplicated    0 dihedrals

--------------------------------------------------------------------------------
   1.  RESOURCE   USE: 
--------------------------------------------------------------------------------

 NATOM  =      19 NTYPES =       7 NBONH =      10 MBONA  =       8
 NTHETH =      21 MTHETA =       9 NPHIH =      39 MPHIA  =      15
 NHPARM =       0 NPARM  =       0 NNB   =      81 NRES   =       3
 NBONA  =       8 NTHETA =       9 NPHIA =      15 NUMBND =      10
 NUMANG =      18 NPTRA  =      13 NATYP =       8 NPHB   =       0
 IFBOX  =       0 NMXRS  =       7 IFCAP =       0 NEXTRA =       0
 NCOPY  =       0

 Implicit solvent radii are ArgH and AspGluO modified Bondi2 radii (mbondi3)                                
 Replacing prmtop screening parameters with GBn2 (igb=8) values
--------------------------------------------------------------------------------
   2.  CONTROL  DATA  FOR  THE  RUN
--------------------------------------------------------------------------------

ACE                                                                             

General flags:
     imin    =       0, nmropt  =       0

Nature and format of input:
     ntx     =       1, irest   =       0, ntrx    =       1

Nature and format of output:
     ntxo    =       2, ntpr    =       1, ntrx    =       1, ntwr    =       1
     iwrap   =       0, ntwx    =       1, ntwv    =       0, ntwe    =       1
     ioutfm  =       1, ntwprt  =       0, idecomp =       0, rbornstat=      0

Potential function:
     ntf     =       2, ntb     =       0, igb     =       8, nsnb    =      25
     ipol    =       0, gbsa    =       3, iesp    =       0
     dielc   =   1.00000, cut     =9999.00000, intdiel =   1.00000
     saltcon =   0.00000, offset  =   0.19514, surften =   0.00700
     rdt     =   0.00000, rgbmax  =  25.00000  extdiel =  78.50000
     alpb  =        0
     gbalphaH  =   0.78844, gbbetaH   =   0.79870,  gbgammaH  =    0.43733
     gbalphaC  =   0.73376, gbbetaC   =   0.50638,  gbgammaC  =    0.20584
     gbalphaN  =   0.50336, gbbetaN   =   0.31683,  gbgammaN  =    0.19292
     gbalphaOS =   0.86781, gbbetaOS  =   0.87664,  gbgammaOS =    0.38788
     gbalphaP  =   1.00000, gbbetaP   =   0.80000,  gbgammaP  =    4.85000
     gb_alpha_hnu  =   0.53705, gb_beta_hnu   =   0.36286,  gb_gamma_hnu  =    0.11670
     gb_alpha_cnu  =   0.33167, gb_beta_cnu   =   0.19684,  gb_gamma_cnu  =    0.09342
     gb_alpha_nnu  =   0.68631, gb_beta_nnu   =   0.46319,  gb_gamma_nnu  =    0.13872
     gb_alpha_onu  =   0.60634, gb_beta_onu   =   0.46301,  gb_gamma_onu  =    0.14226
     gb_alpha_pnu  =   0.41836, gb_beta_pnu   =   0.29005,  gb_gamma_pnu  =    0.10642

Frozen or restrained atoms:
     ibelly  =       0, ntr     =       0

Molecular dynamics:
     nstlim  =         1, nscm    =      1000, nrespa  =         1
     t       =   0.00000, dt      =   0.00100, vlimit  =  20.00000

Berendsen (weak-coupling) temperature regulation:
     temp0   = 300.00000, tempi   = 300.00000, tautp   =   1.00000

SHAKE:
     ntc     =       2, jfastw  =       0
     tol     =   0.00001

| Intermolecular bonds treatment:
|     no_intermolecular_bonds =       1

| Energy averages sample interval:
|     ene_avg_sampling =       1

--------------------------------------------------------------------------------
   3.  ATOMIC COORDINATES AND VELOCITIES
--------------------------------------------------------------------------------

ACE                                                                             
 begin time read from input coords =     0.000 ps

 
 Number of triangulated 3-point waters found:        0
| Dynamic Memory, Types Used:
| Reals                 805
| Integers             1476

--------------------------------------------------------------------------------
   4.  RESULTS
--------------------------------------------------------------------------------

 i,j,dist,desurfi,tempsum4           2           5   1.5110128719489460        1.8822957571759196E-003   2.4418173989879071     
 i,j,dist,desurfi,tempsum4           2           6   2.3803326811896350        6.6435987292255295E-003   7.8674242499784359     
 i,j,dist,desurfi,tempsum4           2           7   2.4196300373563329        1.6639364854801608E-003   2.8022346177799351     
 i,j,dist,desurfi,tempsum4           2           9   3.8249035308504764        7.1091893616222045E-003   7.2554864601005402     
 i,j,dist,desurfi,tempsum4           2          12   4.8945960760486953        1.1823687055652465E-003  0.63404604799428466     
 i,j,dist,desurfi,tempsum4           2          13   4.8753424631558548        4.4062309839101596E-003   1.8983095880843361     
 i,j,dist,desurfi,tempsum4           5           6   1.2303214193164136        1.9000287613143063E-003   1.7142922179611009     
 i,j,dist,desurfi,tempsum4           5           7   1.3310633103232188        4.3832831129055256E-004  0.56782233603836318     
 i,j,dist,desurfi,tempsum4           5           9   2.4812705876413181        1.4838731408168431E-003   1.8756292034187536     
 i,j,dist,desurfi,tempsum4           5          12   3.7797063605211032        2.4358065131609862E-004  0.22723358555372442     
 i,j,dist,desurfi,tempsum4           5          13   4.0870292801437680        9.2786588280278817E-004  0.64812969214639127     
 i,j,dist,desurfi,tempsum4           5          14   4.9028969938665190        2.8467761129537733E-004  0.13350046369207813     
 i,j,dist,desurfi,tempsum4           6           7   2.2540765881093896        1.5363062458895046E-003   1.8445405938581789     
 i,j,dist,desurfi,tempsum4           6           9   2.8487645027436903        5.9511205944738615E-003   6.2449554841404051     
 i,j,dist,desurfi,tempsum4           6          12   4.3482939492733781        8.7130342148041299E-004  0.53005836845502508     
 i,j,dist,desurfi,tempsum4           6          13   4.9270271733059712        2.4357488720416361E-003  0.74608003283675473     
 i,j,dist,desurfi,tempsum4           6          14   5.2542996344353297        7.9146536058115086E-004  0.17387728402176705     
 i,j,dist,desurfi,tempsum4           7           9   1.4678688411068148        2.0578321484192971E-003   2.9372676271201854     
 i,j,dist,desurfi,tempsum4           7          12   2.5065938892805990        3.3752211432230584E-004  0.46887880569714779     
 i,j,dist,desurfi,tempsum4           7          13   2.7603004626138601        1.4420028875896922E-003   1.6204601283206495     
 i,j,dist,desurfi,tempsum4           7          14   3.7194593352669538        4.1243679836119618E-004  0.46591601244302411     
 i,j,dist,desurfi,tempsum4           7          16   5.0024008731178773        1.7410496028383157E-003   1.1542972800828857     
 i,j,dist,desurfi,tempsum4           9          12   1.5343570589049473        1.8973213229094359E-003   2.2459915347356572     
 i,j,dist,desurfi,tempsum4           9          13   2.4132627109418299        6.4306640669183042E-003   7.0867826064448298     
 i,j,dist,desurfi,tempsum4           9          14   2.4457388911676126        1.7140863142806658E-003   2.5211014121895188     
 i,j,dist,desurfi,tempsum4           9          16   3.8552009732436141        4.6753494054470966E-003   6.9501420482410969     
 i,j,dist,desurfi,tempsum4          12          13   1.2360042425497109        1.8937164638763598E-003   1.7127097251628596     
 i,j,dist,desurfi,tempsum4          12          14   1.3388830414182007        4.3684987045200172E-004  0.56727852354753439     
 i,j,dist,desurfi,tempsum4          12          16   2.4969762932784425        7.6185605148235374E-004   1.7099270583321764     
 i,j,dist,desurfi,tempsum4          13          14   2.2599673355440224        1.5348534580853399E-003   1.8421100751534660     
 i,j,dist,desurfi,tempsum4          13          16   2.8670246394850900        3.7374053581875847E-003   6.0152543565297218     
 i,j,dist,desurfi,tempsum4          14          16   1.4655132846729522        4.4760557793424507E-004   2.4025904701408636     

 NSTEP =        0   TIME(PS) =       0.000  TEMP(K) =   335.00  PRESS =     0.0
 Etot   =       -31.8678  EKtot   =        13.6468  EPtot      =       -45.5147
 BOND   =         0.3425  ANGLE   =         0.9047  DIHED      =         2.3974
 1-4 NB =         2.0912  1-4 EEL =        43.1437  VDWAALS    =        -0.7158
 EELEC  =       -80.5668  EGB     =       -17.1675  RESTRAINT  =         0.0000
 ESURF=         4.0558
 ------------------------------------------------------------------------------

 i,j,dist,desurfi,tempsum4           2           5   1.5110128719489460        1.8822957571759196E-003   2.4418173989879071     
 i,j,dist,desurfi,tempsum4           2           6   2.3803326811896350        6.6435987292255295E-003   7.8674242499784359     
 i,j,dist,desurfi,tempsum4           2           7   2.4196300373563329        1.6639364854801608E-003   2.8022346177799351     
 i,j,dist,desurfi,tempsum4           2           9   3.8249035308504764        7.1091893616222045E-003   7.2554864601005402     
 i,j,dist,desurfi,tempsum4           2          12   4.8945960760486953        1.1823687055652465E-003  0.63404604799428466     
 i,j,dist,desurfi,tempsum4           2          13   4.8753424631558548        4.4062309839101596E-003   1.8983095880843361     
 i,j,dist,desurfi,tempsum4           5           6   1.2303214193164136        1.9000287613143063E-003   1.7142922179611009     
 i,j,dist,desurfi,tempsum4           5           7   1.3310633103232188        4.3832831129055256E-004  0.56782233603836318     
 i,j,dist,desurfi,tempsum4           5           9   2.4812705876413181        1.4838731408168431E-003   1.8756292034187536     
 i,j,dist,desurfi,tempsum4           5          12   3.7797063605211032        2.4358065131609862E-004  0.22723358555372442     
 i,j,dist,desurfi,tempsum4           5          13   4.0870292801437680        9.2786588280278817E-004  0.64812969214639127     
 i,j,dist,desurfi,tempsum4           5          14   4.9028969938665190        2.8467761129537733E-004  0.13350046369207813     
 i,j,dist,desurfi,tempsum4           6           7   2.2540765881093896        1.5363062458895046E-003   1.8445405938581789     
 i,j,dist,desurfi,tempsum4           6           9   2.8487645027436903        5.9511205944738615E-003   6.2449554841404051     
 i,j,dist,desurfi,tempsum4           6          12   4.3482939492733781        8.7130342148041299E-004  0.53005836845502508     
 i,j,dist,desurfi,tempsum4           6          13   4.9270271733059712        2.4357488720416361E-003  0.74608003283675473     
 i,j,dist,desurfi,tempsum4           6          14   5.2542996344353297        7.9146536058115086E-004  0.17387728402176705     
 i,j,dist,desurfi,tempsum4           7           9   1.4678688411068148        2.0578321484192971E-003   2.9372676271201854     
 i,j,dist,desurfi,tempsum4           7          12   2.5065938892805990        3.3752211432230584E-004  0.46887880569714779     
 i,j,dist,desurfi,tempsum4           7          13   2.7603004626138601        1.4420028875896922E-003   1.6204601283206495     
 i,j,dist,desurfi,tempsum4           7          14   3.7194593352669538        4.1243679836119618E-004  0.46591601244302411     
 i,j,dist,desurfi,tempsum4           7          16   5.0024008731178773        1.7410496028383157E-003   1.1542972800828857     
 i,j,dist,desurfi,tempsum4           9          12   1.5343570589049473        1.8973213229094359E-003   2.2459915347356572     
 i,j,dist,desurfi,tempsum4           9          13   2.4132627109418299        6.4306640669183042E-003   7.0867826064448298     
 i,j,dist,desurfi,tempsum4           9          14   2.4457388911676126        1.7140863142806658E-003   2.5211014121895188     
 i,j,dist,desurfi,tempsum4           9          16   3.8552009732436141        4.6753494054470966E-003   6.9501420482410969     
 i,j,dist,desurfi,tempsum4          12          13   1.2360042425497109        1.8937164638763598E-003   1.7127097251628596     
 i,j,dist,desurfi,tempsum4          12          14   1.3388830414182007        4.3684987045200172E-004  0.56727852354753439     
 i,j,dist,desurfi,tempsum4          12          16   2.4969762932784425        7.6185605148235374E-004   1.7099270583321764     
 i,j,dist,desurfi,tempsum4          13          14   2.2599673355440224        1.5348534580853399E-003   1.8421100751534660     
 i,j,dist,desurfi,tempsum4          13          16   2.8670246394850900        3.7374053581875847E-003   6.0152543565297218     
 i,j,dist,desurfi,tempsum4          14          16   1.4655132846729522        4.4760557793424507E-004   2.4025904701408636     

 NSTEP =        1   TIME(PS) =       0.001  TEMP(K) =   283.86  PRESS =     0.0
 Etot   =       -33.9511  EKtot   =        11.5636  EPtot      =       -45.5147
 BOND   =         0.3425  ANGLE   =         0.9047  DIHED      =         2.3974
 1-4 NB =         2.0912  1-4 EEL =        43.1437  VDWAALS    =        -0.7158
 EELEC  =       -80.5668  EGB     =       -17.1675  RESTRAINT  =         0.0000
 ESURF=         4.0558
 ------------------------------------------------------------------------------


      A V E R A G E S   O V E R       1 S T E P S


 NSTEP =        1   TIME(PS) =       0.001  TEMP(K) =   283.86  PRESS =     0.0
 Etot   =       -33.9511  EKtot   =        11.5636  EPtot      =       -45.5147
 BOND   =         0.3425  ANGLE   =         0.9047  DIHED      =         2.3974
 1-4 NB =         2.0912  1-4 EEL =        43.1437  VDWAALS    =        -0.7158
 EELEC  =       -80.5668  EGB     =       -17.1675  RESTRAINT  =         0.0000
 ESURF=         4.0558
 ------------------------------------------------------------------------------


      R M S  F L U C T U A T I O N S


 NSTEP =        1   TIME(PS) =       0.001  TEMP(K) =     0.00  PRESS =     0.0
 Etot   =         0.0000  EKtot   =         0.0000  EPtot      =         0.0000
 BOND   =         0.0000  ANGLE   =         0.0000  DIHED      =         0.0000
 1-4 NB =         0.0000  1-4 EEL =         0.0000  VDWAALS    =         0.0000
 EELEC  =         0.0000  EGB     =         0.0000  RESTRAINT  =         0.0000
 ESURF=         0.0000
 ------------------------------------------------------------------------------

--------------------------------------------------------------------------------
   5.  TIMINGS
--------------------------------------------------------------------------------

|  NonSetup CPU Time in Major Routines:
|
|     Routine           Sec        %
|     ------------------------------
|     Nonbond           0.00   19.18
|     Bond              0.00    0.17
|     Angle             0.00    1.74
|     Dihedral          0.00    1.91
|     Shake             0.00    0.17
|     RunMD             0.00   76.04
|     Other             0.00    0.78
|     ------------------------------
|     Total             0.00

|  Generalized Born CPU Time:
|
|     Routine                 Sec        %
|     ------------------------------------
|     Radii Calc              0.00    2.86
|     Diagonal Calc           0.00    2.78
|     Off Diagonal Calc       0.00   12.93
|     GBSA LCPO Calc          0.00    0.09
|     ---------------------------------
|     Total                   0.00   18.58

|  Final Performance Info:
|     -----------------------------------------------------
|     Average timings for last       1 steps:
|     Elapsed(s) =       0.03 Per Step(ms) =      34.58
|         ns/day =       2.50   seconds/ns =   34579.10
|
|     Average timings for all steps:
|     Elapsed(s) =       0.03 Per Step(ms) =      34.58
|         ns/day =       2.50   seconds/ns =   34579.10
|     -----------------------------------------------------

|  Setup CPU time:            0.00 seconds
|  NonSetup CPU time:         0.00 seconds
|  Total CPU time:            0.00 seconds     0.00 hours

|  Setup wall time:           1    seconds
|  NonSetup wall time:        0    seconds
|  Total wall time:           1    seconds     0.00 hours
