
          -------------------------------------------------------
          Amber 16 PMEMD                              2016
          -------------------------------------------------------

| PMEMD implementation of SANDER, Release 16

| Run on 08/05/2019 at 09:39:05

|   Executable path: /mnt/raidc2/koushik/amber16gbsarecompile/bin/pmemd
| Working directory: /mnt/raidc2/ywang/hackathon/testset/ff14SBonlysc/03.md/16_kouhsik_gbsa_3
|          Hostname: Unknown
  [-O]verwriting output

File Assignments:
|   MDIN: md.in                                                                 
|  MDOUT: md.out                                                                
| INPCRD: ../../02.min/min.rst                                                  
|   PARM: ../../01.leap/ARGdipeptide.top                                        
| RESTRT: md.rst                                                                
|   REFC: refc                                                                  
|  MDVEL: mdvel                                                                 
|   MDEN: mden                                                                  
|  MDCRD: md.x                                                                  
| MDINFO: mdinfo                                                                
|  MDFRC: mdfrc                                                                 


 Here is the input file:

md.in                                                                          
&cntrl                                                                         
       imin = 0, nstlim = 5, dt = 0.001,                                       
       ntx = 1, irest = 0, ig = 123456,                                        
       ntt=1, tempi = 300.0, temp0=300.0,                                      
       ntwx = 1, ntwe = 1, ntwr = 1, ntpr = 1,                                 
       cut = 9999.0,                                                           
       ntb = 0,                                                                
       igb = 8, gbsa = 3, surften = 0.0042,                                    
       ioutfm = 1,                                                             
       ntr = 0,                                                                
/                                                                              
                                                                               


 
| Conditional Compilation Defines Used:
| PUBFFT
| BINTRAJ
| EMIL

| New format PARM file being parsed.
| Version =    1.000 Date = 08/02/19 Time = 12:25:36

| Note: 1-4 EEL scale factors are being read from the topology file.

| Note: 1-4 VDW scale factors are being read from the topology file.
| INFO:    Reading atomic numbers from topology file.
| Duplicated    0 dihedrals

| Duplicated    0 dihedrals

--------------------------------------------------------------------------------
   1.  RESOURCE   USE: 
--------------------------------------------------------------------------------

 NATOM  =      36 NTYPES =       7 NBONH =      20 MBONA  =      15
 NTHETH =      42 MTHETA =      18 NPHIH =      85 MPHIA  =      37
 NHPARM =       0 NPARM  =       0 NNB   =     174 NRES   =       3
 NBONA  =      15 NTHETA =      18 NPHIA =      37 NUMBND =      17
 NUMANG =      34 NPTRA  =      27 NATYP =      11 NPHB   =       0
 IFBOX  =       0 NMXRS  =      24 IFCAP =       0 NEXTRA =       0
 NCOPY  =       0

 Implicit solvent radii are ArgH and AspGluO modified Bondi2 radii (mbondi3)                                
 Replacing prmtop screening parameters with GBn2 (igb=8) values
--------------------------------------------------------------------------------
   2.  CONTROL  DATA  FOR  THE  RUN
--------------------------------------------------------------------------------

ACE                                                                             

General flags:
     imin    =       0, nmropt  =       0

Nature and format of input:
     ntx     =       1, irest   =       0, ntrx    =       1

Nature and format of output:
     ntxo    =       2, ntpr    =       1, ntrx    =       1, ntwr    =       1
     iwrap   =       0, ntwx    =       1, ntwv    =       0, ntwe    =       1
     ioutfm  =       1, ntwprt  =       0, idecomp =       0, rbornstat=      0

Potential function:
     ntf     =       1, ntb     =       0, igb     =       8, nsnb    =      25
     ipol    =       0, gbsa    =       3, iesp    =       0
     dielc   =   1.00000, cut     =9999.00000, intdiel =   1.00000
     saltcon =   0.00000, offset  =   0.19514, surften =   0.00420
     rdt     =   0.00000, rgbmax  =  25.00000  extdiel =  78.50000
     alpb  =        0
     gbalphaH  =   0.78844, gbbetaH   =   0.79870,  gbgammaH  =    0.43733
     gbalphaC  =   0.73376, gbbetaC   =   0.50638,  gbgammaC  =    0.20584
     gbalphaN  =   0.50336, gbbetaN   =   0.31683,  gbgammaN  =    0.19292
     gbalphaOS =   0.86781, gbbetaOS  =   0.87664,  gbgammaOS =    0.38788
     gbalphaP  =   1.00000, gbbetaP   =   0.80000,  gbgammaP  =    4.85000
     gb_alpha_hnu  =   0.53705, gb_beta_hnu   =   0.36286,  gb_gamma_hnu  =    0.11670
     gb_alpha_cnu  =   0.33167, gb_beta_cnu   =   0.19684,  gb_gamma_cnu  =    0.09342
     gb_alpha_nnu  =   0.68631, gb_beta_nnu   =   0.46319,  gb_gamma_nnu  =    0.13872
     gb_alpha_onu  =   0.60634, gb_beta_onu   =   0.46301,  gb_gamma_onu  =    0.14226
     gb_alpha_pnu  =   0.41836, gb_beta_pnu   =   0.29005,  gb_gamma_pnu  =    0.10642

Frozen or restrained atoms:
     ibelly  =       0, ntr     =       0

Molecular dynamics:
     nstlim  =         5, nscm    =      1000, nrespa  =         1
     t       =   0.00000, dt      =   0.00100, vlimit  =  20.00000

Berendsen (weak-coupling) temperature regulation:
     temp0   = 300.00000, tempi   = 300.00000, tautp   =   1.00000

| Intermolecular bonds treatment:
|     no_intermolecular_bonds =       1

| Energy averages sample interval:
|     ene_avg_sampling =       1

--------------------------------------------------------------------------------
   3.  ATOMIC COORDINATES AND VELOCITIES
--------------------------------------------------------------------------------

ACE                                                                             
 begin time read from input coords =     0.000 ps

 
 Number of triangulated 3-point waters found:        0
| Dynamic Memory, Types Used:
| Reals                1446
| Integers             3133

--------------------------------------------------------------------------------
   4.  RESULTS
--------------------------------------------------------------------------------

 i,j,dist,desurfi,tempsum4           2           5   1.5116552349940562        1.1291038991840525E-003   2.4415998800965788     
 i,j,dist,desurfi,tempsum4           2           6   2.3792448489025331        3.9869114870556719E-003   7.8694719457249995     
 i,j,dist,desurfi,tempsum4           2           7   2.4238498192019540        9.9824474676201542E-004   2.8002104366949783     
 i,j,dist,desurfi,tempsum4           2           9   3.8428490579656143        5.4986234425469314E-004   1.7837857518909845     
 i,j,dist,desurfi,tempsum4           2          11   4.5819042396458132        3.4240020387038056E-003   3.6769693188071759     
 i,j,dist,desurfi,tempsum4           2          14   6.0328493551312299        7.0328418021432229E-004   7.3269904015486276E-002
 i,j,dist,desurfi,tempsum4           2          29   4.8127644602988049        7.2429095641055898E-004  0.69054879900917454     
 i,j,dist,desurfi,tempsum4           2          30   4.9078066281087835        2.6066740529209109E-003   1.8155912415731379     
 i,j,dist,desurfi,tempsum4           2          31   5.8982302821174999        3.1726717093282154E-004   2.9791221009904056E-002
 i,j,dist,desurfi,tempsum4           5           6   1.2311296126394140        1.1394764061782596E-003   1.7140672843864428     
 i,j,dist,desurfi,tempsum4           5           7   1.3360020637563466        2.6243533516622327E-004  0.56747903405624389     
 i,j,dist,desurfi,tempsum4           5           9   2.5047647444142447        9.5560567315215055E-005  0.37227450246007765     
 i,j,dist,desurfi,tempsum4           5          11   3.3216996023753111        7.3792991501504628E-004   1.2464473903044415     
 i,j,dist,desurfi,tempsum4           5          14   4.6702330851780349        5.6397508493927326E-004  0.54832735734288596     
 i,j,dist,desurfi,tempsum4           5          17   5.6870898500339617        3.5925826237523411E-004  0.11778179753995666     
 i,j,dist,desurfi,tempsum4           5          29   3.6892838979517601        1.4777628265126935E-004  0.23708008623695886     
 i,j,dist,desurfi,tempsum4           5          30   4.0974963903346451        5.5545940234742882E-004  0.64340357259181991     
 i,j,dist,desurfi,tempsum4           5          31   4.6699717367935270        1.8030223719211198E-004  0.17240194095827055     
 i,j,dist,desurfi,tempsum4           5          33   5.9861082216943888        3.1356987504767205E-004   4.3800123453852091E-002
 i,j,dist,desurfi,tempsum4           6           7   2.2616311158992608        9.2066702945807358E-004   1.8414228677851223     
 i,j,dist,desurfi,tempsum4           6           9   2.8846705908076151        4.7640283003630104E-004   1.3107967050849303     
 i,j,dist,desurfi,tempsum4           6          11   3.5767441590142730        2.8699846250460214E-003   3.9298096758860837     
 i,j,dist,desurfi,tempsum4           6          14   4.6746928930467488        2.1081243496336400E-003   1.6812139976989577     
 i,j,dist,desurfi,tempsum4           6          17   5.6561014139867520        1.0072553719500054E-003  0.21031034167815577     
 i,j,dist,desurfi,tempsum4           6          29   4.2248298833551869        5.3950997785280749E-004  0.58584029197587117     
 i,j,dist,desurfi,tempsum4           6          30   4.9033040539708193        1.4879239154668297E-003  0.78019841481352614     
 i,j,dist,desurfi,tempsum4           6          31   4.9547472721441270        6.0139219710828864E-004  0.33828390048566659     
 i,j,dist,desurfi,tempsum4           7           9   1.4760060787749316        5.1411245335534833E-005  0.51921280750538379     
 i,j,dist,desurfi,tempsum4           7          11   2.4530459066730903        1.0305549917273707E-003   2.1619718459328476     
 i,j,dist,desurfi,tempsum4           7          14   3.8451133791244048        9.0623075367832391E-004   1.3298876303964100     
 i,j,dist,desurfi,tempsum4           7          17   4.9711947082171859        9.0715831222658424E-004  0.67487399087177113     
 i,j,dist,desurfi,tempsum4           7          29   2.4813084765721198        2.0297383421480936E-004  0.47141551201595694     
 i,j,dist,desurfi,tempsum4           7          30   2.8064199461640298        8.6143651572652283E-004   1.5984721648621185     
 i,j,dist,desurfi,tempsum4           7          31   3.6211722377310913        2.4381946690946876E-004  0.48349827823736796     
 i,j,dist,desurfi,tempsum4           7          33   4.8940524199117430        9.8584021959469701E-004   1.2623084546149292     
 i,j,dist,desurfi,tempsum4           9          11   1.5431598264396058        5.9918755779015266E-004   1.9147941578619490     
 i,j,dist,desurfi,tempsum4           9          14   2.5805068351485616        5.4046754291109010E-004   1.6796757890201610     
 i,j,dist,desurfi,tempsum4           9          17   3.9242858993564607        6.0758604791426719E-004   1.4982087522060032     
 i,j,dist,desurfi,tempsum4           9          20   5.0681612116136154        2.3558671451806077E-004  0.24669561891289848     
 i,j,dist,desurfi,tempsum4           9          29   1.5352060810167130        9.9846882460212223E-005  0.40934686456646863     
 i,j,dist,desurfi,tempsum4           9          30   2.4038829903768302        4.6501034599036664E-004   1.4292341498404517     
 i,j,dist,desurfi,tempsum4           9          31   2.4536156574576831        5.9070651103673095E-005  0.49864896363011518     
 i,j,dist,desurfi,tempsum4           9          33   3.8547180434760611        2.5115873188748383E-006   1.5305412884887037     
 i,j,dist,desurfi,tempsum4          11          14   1.5377449463693547        5.7068794750674886E-003   9.2955403508141377     
 i,j,dist,desurfi,tempsum4          11          17   2.5270295891999166        4.3658187722733117E-003   8.5097060286228867     
 i,j,dist,desurfi,tempsum4          11          20   3.8432912436069331        9.0637838894505141E-004   1.3311472242944316     
 i,j,dist,desurfi,tempsum4          11          22   5.0134000112090211        1.0475390547228674E-003  0.78435199331600813     
 i,j,dist,desurfi,tempsum4          11          23   5.3662577651323513        2.9830010818672425E-003   1.3066342463102778     
 i,j,dist,desurfi,tempsum4          11          29   2.5539126332153006        8.4280723301467298E-004   1.5975774773964235     
 i,j,dist,desurfi,tempsum4          11          30   3.2233608080416589        3.0772473427743488E-003   4.6381636446671131     
 i,j,dist,desurfi,tempsum4          11          31   3.3402532021215317        9.4316732218639959E-004   1.6626563372699197     
 i,j,dist,desurfi,tempsum4          11          33   4.6553866072326224        2.9345118023500682E-003   3.6075808799162159     
 i,j,dist,desurfi,tempsum4          14          17   1.5341663832732924        5.8073604780722625E-003   10.470097232574618     
 i,j,dist,desurfi,tempsum4          14          20   2.4896958182845799        1.0252937075923034E-003   2.1434991140149622     
 i,j,dist,desurfi,tempsum4          14          22   3.7665969331447817        1.4891553001223062E-003   2.1776108267470589     
 i,j,dist,desurfi,tempsum4          14          23   4.3963087554556166        4.3921967899422636E-003   4.8956138161917089     
 i,j,dist,desurfi,tempsum4          14          26   4.7403932801268347        4.0916243846693800E-003   3.5694305110451090     
 i,j,dist,desurfi,tempsum4          14          29   3.1269137972331764        7.6099096241560892E-004   1.3398110436854385     
 i,j,dist,desurfi,tempsum4          14          30   3.9718774662840182        2.6327325640932006E-003   3.1158223838608610     
 i,j,dist,desurfi,tempsum4          14          31   3.3388348720670100        9.4326892296844737E-004   1.6635427706003596     
 i,j,dist,desurfi,tempsum4          14          33   4.4934126956902816        2.9202524761051218E-003   4.0381353189136959     
 i,j,dist,desurfi,tempsum4          17          20   1.4764141764863821        1.2310679257367270E-003   2.9341903398179685     
 i,j,dist,desurfi,tempsum4          17          22   2.5011196491337242        1.9667518806082596E-003   4.0042999916220818     
 i,j,dist,desurfi,tempsum4          17          23   2.9060041561096619        5.0864117582367927E-003   11.802786123365388     
 i,j,dist,desurfi,tempsum4          17          26   3.6733608407672680        5.1480879200393745E-003   9.2442981504888362     
 i,j,dist,desurfi,tempsum4          17          29   4.5412082830216471        6.8631962062410507E-004  0.75888291856660750     
 i,j,dist,desurfi,tempsum4          17          30   5.2092185002092091        1.8786941833910410E-003  0.91852254243164566     
 i,j,dist,desurfi,tempsum4          17          31   4.8124311907471871        9.4398161553943018E-004  0.81764431031687002     
 i,j,dist,desurfi,tempsum4          17          33   5.8476221227191401        2.5699332749484125E-003  0.62192521221721186     
 i,j,dist,desurfi,tempsum4          20          22   1.3218237724313016        6.0396889990767299E-004   1.2278171767433861     
 i,j,dist,desurfi,tempsum4          20          23   2.3021655821330071        1.0508378018310575E-003   3.4097427571582051     
 i,j,dist,desurfi,tempsum4          20          26   2.2736990877612735        1.0501097043274211E-003   3.4233173237687033     
 i,j,dist,desurfi,tempsum4          20          29   5.4720711220618075        1.2239991530300177E-004   4.5651915255277009E-002
 i,j,dist,desurfi,tempsum4          20          31   5.4207253191068272        2.0913135591743207E-004   6.5938345526338704E-002
 i,j,dist,desurfi,tempsum4          22          23   1.3026173397499337        3.0409070106445957E-003   6.3368004746873421     
 i,j,dist,desurfi,tempsum4          22          26   1.3001688544631709        3.0443251542526173E-003   6.3387241083418928     
 i,j,dist,desurfi,tempsum4          23          26   2.2207693923982963        5.1297093837877148E-003   17.833809471136082     
 i,j,dist,desurfi,tempsum4          29          30   1.2340353249506049        1.1375379709757723E-003   1.7132582380555659     
 i,j,dist,desurfi,tempsum4          29          31   1.3366081477265346        2.6236674121444148E-004  0.56743686698633888     
 i,j,dist,desurfi,tempsum4          29          33   2.4841793735335185        4.5677788388327149E-004   1.7128166649213317     
 i,j,dist,desurfi,tempsum4          30          31   2.2564757347134523        9.2142797011166174E-004   1.8435511955791546     
 i,j,dist,desurfi,tempsum4          30          33   2.8463570383099173        2.2393805340912018E-003   6.0415053693990934     
 i,j,dist,desurfi,tempsum4          31          33   1.4640213250221445        2.6859469138296822E-004   2.4027069275742576     

 NSTEP =        0   TIME(PS) =       0.000  TEMP(K) =   271.30  PRESS =     0.0
 Etot   =      -198.2567  EKtot   =        27.4950  EPtot      =      -225.7517
 BOND   =         2.2640  ANGLE   =         1.9809  DIHED      =         9.3097
 1-4 NB =         3.6952  1-4 EEL =      -228.1303  VDWAALS    =        -3.1079
 EELEC  =        68.9443  EGB     =       -83.6441  RESTRAINT  =         0.0000
 ESURF=         2.9365
 ------------------------------------------------------------------------------

 i,j,dist,desurfi,tempsum4           2           5   1.5116552349940562        1.1291038991840525E-003   2.4415998800965788     
 i,j,dist,desurfi,tempsum4           2           6   2.3792448489025331        3.9869114870556719E-003   7.8694719457249995     
 i,j,dist,desurfi,tempsum4           2           7   2.4238498192019540        9.9824474676201542E-004   2.8002104366949783     
 i,j,dist,desurfi,tempsum4           2           9   3.8428490579656143        5.4986234425469314E-004   1.7837857518909845     
 i,j,dist,desurfi,tempsum4           2          11   4.5819042396458132        3.4240020387038056E-003   3.6769693188071759     
 i,j,dist,desurfi,tempsum4           2          14   6.0328493551312299        7.0328418021432229E-004   7.3269904015486276E-002
 i,j,dist,desurfi,tempsum4           2          29   4.8127644602988049        7.2429095641055898E-004  0.69054879900917454     
 i,j,dist,desurfi,tempsum4           2          30   4.9078066281087835        2.6066740529209109E-003   1.8155912415731379     
 i,j,dist,desurfi,tempsum4           2          31   5.8982302821174999        3.1726717093282154E-004   2.9791221009904056E-002
 i,j,dist,desurfi,tempsum4           5           6   1.2311296126394140        1.1394764061782596E-003   1.7140672843864428     
 i,j,dist,desurfi,tempsum4           5           7   1.3360020637563466        2.6243533516622327E-004  0.56747903405624389     
 i,j,dist,desurfi,tempsum4           5           9   2.5047647444142447        9.5560567315215055E-005  0.37227450246007765     
 i,j,dist,desurfi,tempsum4           5          11   3.3216996023753111        7.3792991501504628E-004   1.2464473903044415     
 i,j,dist,desurfi,tempsum4           5          14   4.6702330851780349        5.6397508493927326E-004  0.54832735734288596     
 i,j,dist,desurfi,tempsum4           5          17   5.6870898500339617        3.5925826237523411E-004  0.11778179753995666     
 i,j,dist,desurfi,tempsum4           5          29   3.6892838979517601        1.4777628265126935E-004  0.23708008623695886     
 i,j,dist,desurfi,tempsum4           5          30   4.0974963903346451        5.5545940234742882E-004  0.64340357259181991     
 i,j,dist,desurfi,tempsum4           5          31   4.6699717367935270        1.8030223719211198E-004  0.17240194095827055     
 i,j,dist,desurfi,tempsum4           5          33   5.9861082216943888        3.1356987504767205E-004   4.3800123453852091E-002
 i,j,dist,desurfi,tempsum4           6           7   2.2616311158992608        9.2066702945807358E-004   1.8414228677851223     
 i,j,dist,desurfi,tempsum4           6           9   2.8846705908076151        4.7640283003630104E-004   1.3107967050849303     
 i,j,dist,desurfi,tempsum4           6          11   3.5767441590142730        2.8699846250460214E-003   3.9298096758860837     
 i,j,dist,desurfi,tempsum4           6          14   4.6746928930467488        2.1081243496336400E-003   1.6812139976989577     
 i,j,dist,desurfi,tempsum4           6          17   5.6561014139867520        1.0072553719500054E-003  0.21031034167815577     
 i,j,dist,desurfi,tempsum4           6          29   4.2248298833551869        5.3950997785280749E-004  0.58584029197587117     
 i,j,dist,desurfi,tempsum4           6          30   4.9033040539708193        1.4879239154668297E-003  0.78019841481352614     
 i,j,dist,desurfi,tempsum4           6          31   4.9547472721441270        6.0139219710828864E-004  0.33828390048566659     
 i,j,dist,desurfi,tempsum4           7           9   1.4760060787749316        5.1411245335534833E-005  0.51921280750538379     
 i,j,dist,desurfi,tempsum4           7          11   2.4530459066730903        1.0305549917273707E-003   2.1619718459328476     
 i,j,dist,desurfi,tempsum4           7          14   3.8451133791244048        9.0623075367832391E-004   1.3298876303964100     
 i,j,dist,desurfi,tempsum4           7          17   4.9711947082171859        9.0715831222658424E-004  0.67487399087177113     
 i,j,dist,desurfi,tempsum4           7          29   2.4813084765721198        2.0297383421480936E-004  0.47141551201595694     
 i,j,dist,desurfi,tempsum4           7          30   2.8064199461640298        8.6143651572652283E-004   1.5984721648621185     
 i,j,dist,desurfi,tempsum4           7          31   3.6211722377310913        2.4381946690946876E-004  0.48349827823736796     
 i,j,dist,desurfi,tempsum4           7          33   4.8940524199117430        9.8584021959469701E-004   1.2623084546149292     
 i,j,dist,desurfi,tempsum4           9          11   1.5431598264396058        5.9918755779015266E-004   1.9147941578619490     
 i,j,dist,desurfi,tempsum4           9          14   2.5805068351485616        5.4046754291109010E-004   1.6796757890201610     
 i,j,dist,desurfi,tempsum4           9          17   3.9242858993564607        6.0758604791426719E-004   1.4982087522060032     
 i,j,dist,desurfi,tempsum4           9          20   5.0681612116136154        2.3558671451806077E-004  0.24669561891289848     
 i,j,dist,desurfi,tempsum4           9          29   1.5352060810167130        9.9846882460212223E-005  0.40934686456646863     
 i,j,dist,desurfi,tempsum4           9          30   2.4038829903768302        4.6501034599036664E-004   1.4292341498404517     
 i,j,dist,desurfi,tempsum4           9          31   2.4536156574576831        5.9070651103673095E-005  0.49864896363011518     
 i,j,dist,desurfi,tempsum4           9          33   3.8547180434760611        2.5115873188748383E-006   1.5305412884887037     
 i,j,dist,desurfi,tempsum4          11          14   1.5377449463693547        5.7068794750674886E-003   9.2955403508141377     
 i,j,dist,desurfi,tempsum4          11          17   2.5270295891999166        4.3658187722733117E-003   8.5097060286228867     
 i,j,dist,desurfi,tempsum4          11          20   3.8432912436069331        9.0637838894505141E-004   1.3311472242944316     
 i,j,dist,desurfi,tempsum4          11          22   5.0134000112090211        1.0475390547228674E-003  0.78435199331600813     
 i,j,dist,desurfi,tempsum4          11          23   5.3662577651323513        2.9830010818672425E-003   1.3066342463102778     
 i,j,dist,desurfi,tempsum4          11          29   2.5539126332153006        8.4280723301467298E-004   1.5975774773964235     
 i,j,dist,desurfi,tempsum4          11          30   3.2233608080416589        3.0772473427743488E-003   4.6381636446671131     
 i,j,dist,desurfi,tempsum4          11          31   3.3402532021215317        9.4316732218639959E-004   1.6626563372699197     
 i,j,dist,desurfi,tempsum4          11          33   4.6553866072326224        2.9345118023500682E-003   3.6075808799162159     
 i,j,dist,desurfi,tempsum4          14          17   1.5341663832732924        5.8073604780722625E-003   10.470097232574618     
 i,j,dist,desurfi,tempsum4          14          20   2.4896958182845799        1.0252937075923034E-003   2.1434991140149622     
 i,j,dist,desurfi,tempsum4          14          22   3.7665969331447817        1.4891553001223062E-003   2.1776108267470589     
 i,j,dist,desurfi,tempsum4          14          23   4.3963087554556166        4.3921967899422636E-003   4.8956138161917089     
 i,j,dist,desurfi,tempsum4          14          26   4.7403932801268347        4.0916243846693800E-003   3.5694305110451090     
 i,j,dist,desurfi,tempsum4          14          29   3.1269137972331764        7.6099096241560892E-004   1.3398110436854385     
 i,j,dist,desurfi,tempsum4          14          30   3.9718774662840182        2.6327325640932006E-003   3.1158223838608610     
 i,j,dist,desurfi,tempsum4          14          31   3.3388348720670100        9.4326892296844737E-004   1.6635427706003596     
 i,j,dist,desurfi,tempsum4          14          33   4.4934126956902816        2.9202524761051218E-003   4.0381353189136959     
 i,j,dist,desurfi,tempsum4          17          20   1.4764141764863821        1.2310679257367270E-003   2.9341903398179685     
 i,j,dist,desurfi,tempsum4          17          22   2.5011196491337242        1.9667518806082596E-003   4.0042999916220818     
 i,j,dist,desurfi,tempsum4          17          23   2.9060041561096619        5.0864117582367927E-003   11.802786123365388     
 i,j,dist,desurfi,tempsum4          17          26   3.6733608407672680        5.1480879200393745E-003   9.2442981504888362     
 i,j,dist,desurfi,tempsum4          17          29   4.5412082830216471        6.8631962062410507E-004  0.75888291856660750     
 i,j,dist,desurfi,tempsum4          17          30   5.2092185002092091        1.8786941833910410E-003  0.91852254243164566     
 i,j,dist,desurfi,tempsum4          17          31   4.8124311907471871        9.4398161553943018E-004  0.81764431031687002     
 i,j,dist,desurfi,tempsum4          17          33   5.8476221227191401        2.5699332749484125E-003  0.62192521221721186     
 i,j,dist,desurfi,tempsum4          20          22   1.3218237724313016        6.0396889990767299E-004   1.2278171767433861     
 i,j,dist,desurfi,tempsum4          20          23   2.3021655821330071        1.0508378018310575E-003   3.4097427571582051     
 i,j,dist,desurfi,tempsum4          20          26   2.2736990877612735        1.0501097043274211E-003   3.4233173237687033     
 i,j,dist,desurfi,tempsum4          20          29   5.4720711220618075        1.2239991530300177E-004   4.5651915255277009E-002
 i,j,dist,desurfi,tempsum4          20          31   5.4207253191068272        2.0913135591743207E-004   6.5938345526338704E-002
 i,j,dist,desurfi,tempsum4          22          23   1.3026173397499337        3.0409070106445957E-003   6.3368004746873421     
 i,j,dist,desurfi,tempsum4          22          26   1.3001688544631709        3.0443251542526173E-003   6.3387241083418928     
 i,j,dist,desurfi,tempsum4          23          26   2.2207693923982963        5.1297093837877148E-003   17.833809471136082     
 i,j,dist,desurfi,tempsum4          29          30   1.2340353249506049        1.1375379709757723E-003   1.7132582380555659     
 i,j,dist,desurfi,tempsum4          29          31   1.3366081477265346        2.6236674121444148E-004  0.56743686698633888     
 i,j,dist,desurfi,tempsum4          29          33   2.4841793735335185        4.5677788388327149E-004   1.7128166649213317     
 i,j,dist,desurfi,tempsum4          30          31   2.2564757347134523        9.2142797011166174E-004   1.8435511955791546     
 i,j,dist,desurfi,tempsum4          30          33   2.8463570383099173        2.2393805340912018E-003   6.0415053693990934     
 i,j,dist,desurfi,tempsum4          31          33   1.4640213250221445        2.6859469138296822E-004   2.4027069275742576     

 NSTEP =        1   TIME(PS) =       0.001  TEMP(K) =   271.30  PRESS =     0.0
 Etot   =      -198.2567  EKtot   =        27.4950  EPtot      =      -225.7517
 BOND   =         2.2640  ANGLE   =         1.9809  DIHED      =         9.3097
 1-4 NB =         3.6952  1-4 EEL =      -228.1303  VDWAALS    =        -3.1079
 EELEC  =        68.9443  EGB     =       -83.6441  RESTRAINT  =         0.0000
 ESURF=         2.9365
 ------------------------------------------------------------------------------

 i,j,dist,desurfi,tempsum4           2           5   1.5156865227822796        1.1273932731768817E-003   2.4402338853297314     
 i,j,dist,desurfi,tempsum4           2           6   2.3908901956567470        3.9789018301448192E-003   7.8475226052487503     
 i,j,dist,desurfi,tempsum4           2           7   2.4353740122085070        9.9794028186455459E-004   2.7946656247164543     
 i,j,dist,desurfi,tempsum4           2           9   3.8502433002094381        5.5148013387818959E-004   1.7806781441593893     
 i,j,dist,desurfi,tempsum4           2          11   4.5995974119158243        3.4103970337075302E-003   3.6218972706208916     
 i,j,dist,desurfi,tempsum4           2          14   6.0420251648993419        6.6805436605080995E-004   6.5732916391539220E-002
 i,j,dist,desurfi,tempsum4           2          29   4.8223555170582841        7.2263754359665677E-004  0.68391624016872443     
 i,j,dist,desurfi,tempsum4           2          30   4.9169773635470779        2.5959458723165841E-003   1.7923392544148804     
 i,j,dist,desurfi,tempsum4           2          31   5.9137496852231708        2.8888486549200591E-004   2.4278307680941857E-002
 i,j,dist,desurfi,tempsum4           5           6   1.2350126900518097        1.1368880944068749E-003   1.7129859882308605     
 i,j,dist,desurfi,tempsum4           5           7   1.3403409655807663        2.6194586600166786E-004  0.56717698501744118     
 i,j,dist,desurfi,tempsum4           5           9   2.5058693583633462        9.5568332026133859E-005  0.37222202908036928     
 i,j,dist,desurfi,tempsum4           5          11   3.3341242008993697        7.3650076996762965E-004   1.2403993098560822     
 i,j,dist,desurfi,tempsum4           5          14   4.6750032255981653        5.6312887348661592E-004  0.54583508765588018     
 i,j,dist,desurfi,tempsum4           5          17   5.6914828241544289        3.5699894663392693E-004  0.11600586732765095     
 i,j,dist,desurfi,tempsum4           5          29   3.6907225408331517        1.4775061250630182E-004  0.23692444802809431     
 i,j,dist,desurfi,tempsum4           5          30   4.0994494212118546        5.5522348273636410E-004  0.64252158853518981     
 i,j,dist,desurfi,tempsum4           5          31   4.6797252885068081        1.7998308435476063E-004  0.17077220422153139     
 i,j,dist,desurfi,tempsum4           5          33   5.9922314142699555        3.0669118669801154E-004   4.1543443151339510E-002
 i,j,dist,desurfi,tempsum4           6           7   2.2609115722167146        9.2077294357862109E-004   1.8417201075252352     
 i,j,dist,desurfi,tempsum4           6           9   2.8751321061560198        4.7602780109014595E-004   1.3133922557383935     
 i,j,dist,desurfi,tempsum4           6          11   3.5793244552251768        2.8684811122013129E-003   3.9245537490048612     
 i,j,dist,desurfi,tempsum4           6          14   4.6695175751332112        2.1128232888783750E-003   1.6913390965720225     
 i,j,dist,desurfi,tempsum4           6          17   5.6526847480152842        1.0155569506825723E-003  0.21418724037652481     
 i,j,dist,desurfi,tempsum4           6          29   4.2151651007172148        5.4076371795884557E-004  0.59021126240059285     
 i,j,dist,desurfi,tempsum4           6          30   4.8986836617795939        1.4930216978588544E-003  0.78689505341540134     
 i,j,dist,desurfi,tempsum4           6          31   4.9532482532952908        6.0190154928725886E-004  0.33917039097905155     
 i,j,dist,desurfi,tempsum4           7           9   1.4730442565850541        5.1419693636075684E-005  0.51925736022901892     
 i,j,dist,desurfi,tempsum4           7          11   2.4568349276546009        1.0300009878086646E-003   2.1600703660342191     
 i,j,dist,desurfi,tempsum4           7          14   3.8416349147370736        9.0651242303258568E-004   1.3322918602784037     
 i,j,dist,desurfi,tempsum4           7          17   4.9667103819835523        9.0837576959130182E-004  0.67888733430436510     
 i,j,dist,desurfi,tempsum4           7          29   2.4810093263383699        2.0297940062684281E-004  0.47144540432055670     
 i,j,dist,desurfi,tempsum4           7          30   2.8059197462755372        8.6147646286209708E-004   1.5987120814926907     
 i,j,dist,desurfi,tempsum4           7          31   3.6288401829117722        2.4410114685331134E-004  0.48215280085121776     
 i,j,dist,desurfi,tempsum4           7          33   4.8987357504413760        9.8838337685322594E-004   1.2578172066446125     
 i,j,dist,desurfi,tempsum4           9          11   1.5498657866186316        5.9815229964103921E-004   1.9135622724578232     
 i,j,dist,desurfi,tempsum4           9          14   2.5824772005912058        5.4048249240344463E-004   1.6791303293625039     
 i,j,dist,desurfi,tempsum4           9          17   3.9271091916404819        6.0804556557251545E-004   1.4968721132297576     
 i,j,dist,desurfi,tempsum4           9          20   5.0675811319125144        2.3550977525188538E-004  0.24683301126984181     
 i,j,dist,desurfi,tempsum4           9          29   1.5342901775684656        9.9865727545891473E-005  0.40937471498607997     
 i,j,dist,desurfi,tempsum4           9          30   2.4057855404925781        4.6502128452489218E-004   1.4288120079791629     
 i,j,dist,desurfi,tempsum4           9          31   2.4630075076570725        5.9235813965932746E-005  0.49837798482953677     
 i,j,dist,desurfi,tempsum4           9          33   3.8598432701132066        2.5316511051737275E-006   1.5305313974776846     
 i,j,dist,desurfi,tempsum4          11          14   1.5290020117912551        5.7300528157445563E-003   9.3107511361263402     
 i,j,dist,desurfi,tempsum4          11          17   2.5191506717791516        4.3724960270145772E-003   8.5269392289682013     
 i,j,dist,desurfi,tempsum4          11          20   3.8321445463845834        9.0727737951724354E-004   1.3388440873514016     
 i,j,dist,desurfi,tempsum4          11          22   4.9966525281161864        1.0560765289789702E-003  0.80184500505936729     
 i,j,dist,desurfi,tempsum4          11          23   5.3635048226703388        2.9902895594059974E-003   1.3153863137263073     
 i,j,dist,desurfi,tempsum4          11          29   2.5536867677047921        8.4284591266450110E-004   1.5976739367692989     
 i,j,dist,desurfi,tempsum4          11          30   3.2237688269816438        3.0770025833217187E-003   4.6373606154869620     
 i,j,dist,desurfi,tempsum4          11          31   3.3473788387675301        9.4265742141858477E-004   1.6581986790294545     
 i,j,dist,desurfi,tempsum4          11          33   4.6568164822675868        2.9345633243073252E-003   3.6037044701260807     
 i,j,dist,desurfi,tempsum4          14          17   1.5364765779930702        5.8016376455239218E-003   10.466012327643373     
 i,j,dist,desurfi,tempsum4          14          20   2.4872143399766857        1.0256431791733527E-003   2.1447555258137303     
 i,j,dist,desurfi,tempsum4          14          22   3.7587076235668886        1.4912755839362427E-003   2.1863879369746853     
 i,j,dist,desurfi,tempsum4          14          23   4.4031492055454917        4.3875269770491483E-003   4.8693999410022677     
 i,j,dist,desurfi,tempsum4          14          26   4.7396956288442356        4.0923940609171282E-003   3.5721154034410603     
 i,j,dist,desurfi,tempsum4          14          29   3.1235725622658705        7.6139981072181721E-004   1.3413881333985911     
 i,j,dist,desurfi,tempsum4          14          30   3.9693155557601272        2.6343459032046311E-003   3.1211376984711841     
 i,j,dist,desurfi,tempsum4          14          31   3.3457210280333003        9.4277597345332617E-004   1.6592364055495015     
 i,j,dist,desurfi,tempsum4          14          33   4.4954189014989998        2.9205192563387310E-003   4.0329106537894184     
 i,j,dist,desurfi,tempsum4          17          20   1.4761952309778967        1.2311603104473952E-003   2.9342692948506626     
 i,j,dist,desurfi,tempsum4          17          22   2.4929393628468830        1.9696072271103392E-003   4.0122767382152116     
 i,j,dist,desurfi,tempsum4          17          23   2.9105794419374038        5.0862618213556535E-003   11.789357524055667     
 i,j,dist,desurfi,tempsum4          17          26   3.6726336027854622        5.1479955736971738E-003   9.2470265544838988     
 i,j,dist,desurfi,tempsum4          17          29   4.5402925917300037        6.8644913952714591E-004  0.75944917555880220     
 i,j,dist,desurfi,tempsum4          17          30   5.2068606381120732        1.8823180801024284E-003  0.92310435192741025     
 i,j,dist,desurfi,tempsum4          17          31   4.8214605992983701        9.4220810505161806E-004  0.80950557077880081     
 i,j,dist,desurfi,tempsum4          17          33   5.8520840286637510        2.5508012133122824E-003  0.60866530419970744     
 i,j,dist,desurfi,tempsum4          20          22   1.3170344176581867        6.0529250221225529E-004   1.2285752685196627     
 i,j,dist,desurfi,tempsum4          20          23   2.3133407956475573        1.0511722712609715E-003   3.4043647847453609     
 i,j,dist,desurfi,tempsum4          20          26   2.2750034659292862        1.0501391369200544E-003   3.4226992059358379     
 i,j,dist,desurfi,tempsum4          20          29   5.4669669168875688        1.2306553738080576E-004   4.6331758076545881E-002
 i,j,dist,desurfi,tempsum4          20          31   5.4239179869859706        2.0839528964192234E-004   6.5221272014685416E-002
 i,j,dist,desurfi,tempsum4          22          23   1.3130951594052287        3.0264439037966549E-003   6.3285521647117671     
 i,j,dist,desurfi,tempsum4          22          26   1.3050164000646010        3.0375720489094734E-003   6.3349142565539047     
 i,j,dist,desurfi,tempsum4          23          26   2.2257413498017367        5.1304353261898555E-003   17.822557994800619     
 i,j,dist,desurfi,tempsum4          29          30   1.2411301188475454        1.1328446718723336E-003   1.7112805859235065     
 i,j,dist,desurfi,tempsum4          29          31   1.3393145880447113        2.6206131822035383E-004  0.56724847295766256     
 i,j,dist,desurfi,tempsum4          29          33   2.4874095988448146        4.5686132806743376E-004   1.7120888647169679     
 i,j,dist,desurfi,tempsum4          30          31   2.2612684479004046        9.2072040103267374E-004   1.8415726915910142     
 i,j,dist,desurfi,tempsum4          30          33   2.8522013670617086        2.2402349668638492E-003   6.0341050624815118     
 i,j,dist,desurfi,tempsum4          31          33   1.4592855231473734        2.6869633790607949E-004   2.4030758937074581     

 NSTEP =        2   TIME(PS) =       0.002  TEMP(K) =   244.71  PRESS =     0.0
 Etot   =      -198.0591  EKtot   =        24.8003  EPtot      =      -222.8594
 BOND   =         4.0506  ANGLE   =         2.7168  DIHED      =         9.3353
 1-4 NB =         3.7316  1-4 EEL =      -227.5848  VDWAALS    =        -3.1153
 EELEC  =        68.7768  EGB     =       -83.7076  RESTRAINT  =         0.0000
 ESURF=         2.9372
 ------------------------------------------------------------------------------

 i,j,dist,desurfi,tempsum4           2           5   1.5197101682458827        1.1256963719168858E-003   2.4388689168355588     
 i,j,dist,desurfi,tempsum4           2           6   2.4021948865698621        3.9712167468850890E-003   7.8261550037031729     
 i,j,dist,desurfi,tempsum4           2           7   2.4465085936381405        9.9766740218971257E-004   2.7892848467997067     
 i,j,dist,desurfi,tempsum4           2           9   3.8577139456717289        5.5312228200959609E-004   1.7775230480781847     
 i,j,dist,desurfi,tempsum4           2          11   4.6171814354027783        3.3966340239942445E-003   3.5671746781082270     
 i,j,dist,desurfi,tempsum4           2          14   6.0512862850535640        6.3212147286565725E-004   5.8509571195624943E-002
 i,j,dist,desurfi,tempsum4           2          29   4.8318850661046762        7.2097191326314842E-004  0.67732828491321673     
 i,j,dist,desurfi,tempsum4           2          30   4.9260163033133058        2.5852583112119382E-003   1.7694734656285114     
 i,j,dist,desurfi,tempsum4           2          31   5.9286278487432309        2.6086795553803278E-004   1.9472555783114132E-002
 i,j,dist,desurfi,tempsum4           5           6   1.2387765203778653        1.1343953995274956E-003   1.7119369947246326     
 i,j,dist,desurfi,tempsum4           5           7   1.3446494688100492        2.6146345960206200E-004  0.56687664072616406     
 i,j,dist,desurfi,tempsum4           5           9   2.5070921032229063        9.5576952720245829E-005  0.37216391207014099     
 i,j,dist,desurfi,tempsum4           5          11   3.3463813716134365        7.3509462732979092E-004   1.2344221203329981     
 i,j,dist,desurfi,tempsum4           5          14   4.6797066267953191        5.6229156495610189E-004  0.54337887055118195     
 i,j,dist,desurfi,tempsum4           5          17   5.6954512895366340        3.5494805545887724E-004  0.11441003464799282     
 i,j,dist,desurfi,tempsum4           5          29   3.6922943868853637        1.4772255858257549E-004  0.23675436092001778     
 i,j,dist,desurfi,tempsum4           5          30   4.1012707205708683        5.5500324841934313E-004  0.64169905334731503     
 i,j,dist,desurfi,tempsum4           5          31   4.6890071524721417        1.7967368793203690E-004  0.16922083650554165     
 i,j,dist,desurfi,tempsum4           5          33   5.9986684941680597        2.9934520499451985E-004   3.9223047490718699E-002
 i,j,dist,desurfi,tempsum4           6           7   2.2604302940735388        9.2084383857267437E-004   1.8419188873113272     
 i,j,dist,desurfi,tempsum4           6           9   2.8659293803590518        4.7567103294131596E-004   1.3158863760395447     
 i,j,dist,desurfi,tempsum4           6          11   3.5822998358036413        2.8667471204059736E-003   3.9184917728958730     
 i,j,dist,desurfi,tempsum4           6          14   4.6645167780825982        2.1173482964255020E-003   1.7011334609539404     
 i,j,dist,desurfi,tempsum4           6          17   5.6489808187251249        1.0245232451182211E-003  0.21842330783731612     
 i,j,dist,desurfi,tempsum4           6          29   4.2058227913295880        5.4196848602320875E-004  0.59443647048463832     
 i,j,dist,desurfi,tempsum4           6          30   4.8939184634907766        1.4982595039092744E-003  0.79381887966832210     
 i,j,dist,desurfi,tempsum4           6          31   4.9515330778128277        6.0248303543164168E-004  0.34018530250485490     
 i,j,dist,desurfi,tempsum4           7           9   1.4707143613493316        5.1426510136662403E-005  0.51929234960633031     
 i,j,dist,desurfi,tempsum4           7          11   2.4606430093034821        1.0294465698322986E-003   2.1581573933544602     
 i,j,dist,desurfi,tempsum4           7          14   3.8387539058319895        9.0674518465464133E-004   1.3342820606363262     
 i,j,dist,desurfi,tempsum4           7          17   4.9624286534092539        9.0952782101419579E-004  0.68272097501725071     
 i,j,dist,desurfi,tempsum4           7          29   2.4810812570905125        2.0297806192786947E-004  0.47143821696233124     
 i,j,dist,desurfi,tempsum4           7          30   2.8052788507356503        8.6152767396481999E-004   1.5990194353584113     
 i,j,dist,desurfi,tempsum4           7          31   3.6363727391947260        2.4437833286527171E-004  0.48082679162827724     
 i,j,dist,desurfi,tempsum4           7          33   4.9040483356401170        9.9126932227811600E-004   1.2527032870062704     
 i,j,dist,desurfi,tempsum4           9          11   1.5560021777006896        5.9721675345889914E-004   1.9124321991995550     
 i,j,dist,desurfi,tempsum4           9          14   2.5844414556234550        5.4049771710595353E-004   1.6785861316732298     
 i,j,dist,desurfi,tempsum4           9          17   3.9293687369974664        6.0841369065041851E-004   1.4958009491729876     
 i,j,dist,desurfi,tempsum4           9          20   5.0666674958349889        2.3538857233540637E-004  0.24704928384011854     
 i,j,dist,desurfi,tempsum4           9          29   1.5335964443717727        9.9880029138428770E-005  0.40939580218068095     
 i,j,dist,desurfi,tempsum4           9          30   2.4073490246064115        4.6503050397074129E-004   1.4284648412758343     
 i,j,dist,desurfi,tempsum4           9          31   2.4719496487874011        5.9394742501332175E-005  0.49811830973435961     
 i,j,dist,desurfi,tempsum4           9          33   3.8650233493908064        2.5521418604134197E-006   1.5305213067599381     
 i,j,dist,desurfi,tempsum4          11          14   1.5207251647553102        5.7522434927061768E-003   9.3251279224841532     
 i,j,dist,desurfi,tempsum4          11          17   2.5116098169989982        4.3789274688787105E-003   8.5434072685033922     
 i,j,dist,desurfi,tempsum4          11          20   3.8213285597592761        9.0814303900371945E-004   1.3462984677231304     
 i,j,dist,desurfi,tempsum4          11          22   4.9809362083551374        1.0639883934501762E-003  0.81833564508464285     
 i,j,dist,desurfi,tempsum4          11          23   5.3610126797156505        2.9968638616477694E-003   1.3233237601575993     
 i,j,dist,desurfi,tempsum4          11          29   2.5530229030542491        8.4295963885739082E-004   1.5979574267144652     
 i,j,dist,desurfi,tempsum4          11          30   3.2230639991603383        3.0774254040529165E-003   4.6387477756618267     
 i,j,dist,desurfi,tempsum4          11          31   3.3537076561309909        9.4220526283483625E-004   1.6542335537160957     
 i,j,dist,desurfi,tempsum4          11          33   4.6575646046634809        2.9345896964862055E-003   3.6016757993712716     
 i,j,dist,desurfi,tempsum4          14          17   1.5379498677305026        5.7979975891651880E-003   10.463406138043803     
 i,j,dist,desurfi,tempsum4          14          20   2.4843974561519411        1.0260410580278767E-003   2.1461807595042415     
 i,j,dist,desurfi,tempsum4          14          22   3.7511724388940499        1.4932986650012785E-003   2.1947655194079481     
 i,j,dist,desurfi,tempsum4          14          23   4.4093934286266663        4.3832254934584531E-003   4.8454598264479714     
 i,j,dist,desurfi,tempsum4          14          26   4.7383597181872794        4.0938657604969609E-003   3.5772569251345381     
 i,j,dist,desurfi,tempsum4          14          29   3.1208651364877413        7.6173149269744337E-004   1.3426654444871553     
 i,j,dist,desurfi,tempsum4          14          30   3.9668606725174045        2.6358905534717412E-003   3.1262307928225113     
 i,j,dist,desurfi,tempsum4          14          31   3.3528229938981813        9.4226842750908934E-004   1.6547881474399646     
 i,j,dist,desurfi,tempsum4          14          33   4.4972776577275946        2.9207646566842189E-003   4.0280674785178334     
 i,j,dist,desurfi,tempsum4          17          20   1.4755551590698830        1.2314305877812752E-003   2.9345000812047797     
 i,j,dist,desurfi,tempsum4          17          22   2.4853627814882420        1.9722708341832714E-003   4.0196518178523757     
 i,j,dist,desurfi,tempsum4          17          23   2.9152711568382892        5.0861181356043148E-003   11.775565661241508     
 i,j,dist,desurfi,tempsum4          17          26   3.6716011283403516        5.1478644017520728E-003   9.2508991127491544     
 i,j,dist,desurfi,tempsum4          17          29   4.5393854383513093        6.8657733224547859E-004  0.76001014545824930     
 i,j,dist,desurfi,tempsum4          17          30   5.2042806147162040        1.8862735728510745E-003  0.92812558865658268     
 i,j,dist,desurfi,tempsum4          17          31   4.8299500786387677        9.4050799658392968E-004  0.80185370627940422     
 i,j,dist,desurfi,tempsum4          17          33   5.8556567619039761        2.5352962335092105E-003  0.59811244694167343     
 i,j,dist,desurfi,tempsum4          20          22   1.3129312020192001        6.0643517633013734E-004   1.2292238853569009     
 i,j,dist,desurfi,tempsum4          20          23   2.3240474871925278        1.0515180986210558E-003   3.3991861801428600     
 i,j,dist,desurfi,tempsum4          20          26   2.2760942810950011        1.0501640424344855E-003   3.4221820056170831     
 i,j,dist,desurfi,tempsum4          20          29   5.4620811616280394        1.2369762739359360E-004   4.6985347664236121E-002
 i,j,dist,desurfi,tempsum4          20          31   5.4271294062873299        2.0764864304709480E-004   6.4502123881816087E-002
 i,j,dist,desurfi,tempsum4          22          23   1.3228147625881961        3.0132613453064711E-003   6.3208767741496512     
 i,j,dist,desurfi,tempsum4          22          26   1.3096493051808571        3.0311712420022655E-003   6.3312677505965969     
 i,j,dist,desurfi,tempsum4          23          26   2.2308429461450228        5.1312101678683726E-003   17.810985300092256     
 i,j,dist,desurfi,tempsum4          29          30   1.2475677743250579        1.1286342056652081E-003   1.7094833720251663     
 i,j,dist,desurfi,tempsum4          29          31   1.3417058708272933        2.6179265266604074E-004  0.56708188233278056     
 i,j,dist,desurfi,tempsum4          29          33   2.4909094549335378        4.5695273395778105E-004   1.7112990955936982     
 i,j,dist,desurfi,tempsum4          30          31   2.2654114184866723        9.2011212945080560E-004   1.8398602521661955     
 i,j,dist,desurfi,tempsum4          30          33   2.8586823069432588        2.2411932150099589E-003   6.0258775779740485     
 i,j,dist,desurfi,tempsum4          31          33   1.4546942097609366        2.6879802348251834E-004   2.4034325964003509     

 NSTEP =        3   TIME(PS) =       0.003  TEMP(K) =   190.65  PRESS =     0.0
 Etot   =      -197.6980  EKtot   =        19.3223  EPtot      =      -217.0203
 BOND   =         7.9334  ANGLE   =         4.2876  DIHED      =         9.3896
 1-4 NB =         3.7688  1-4 EEL =      -227.0402  VDWAALS    =        -3.1175
 EELEC  =        68.6057  EGB     =       -83.7856  RESTRAINT  =         0.0000
 ESURF=         2.9379
 ------------------------------------------------------------------------------

 i,j,dist,desurfi,tempsum4           2           5   1.5237338273899070        1.1240098544481251E-003   2.4375023801227673     
 i,j,dist,desurfi,tempsum4           2           6   2.4127972339733130        3.9640886028212219E-003   7.8060608488742211     
 i,j,dist,desurfi,tempsum4           2           7   2.4569131861721076        9.9743110934489838E-004   2.7842359387948523     
 i,j,dist,desurfi,tempsum4           2           9   3.8653371723514205        5.5480590176197847E-004   1.7742874950724914     
 i,j,dist,desurfi,tempsum4           2          11   4.6344461790202853        3.3828805062267008E-003   3.5134605697251597     
 i,j,dist,desurfi,tempsum4           2          14   6.0607166942086099        5.9513992339214189E-004   5.1555916889139297E-002
 i,j,dist,desurfi,tempsum4           2          29   4.8412905288135821        7.1930536542814841E-004  0.67082839812534845     
 i,j,dist,desurfi,tempsum4           2          30   4.9347969130261058        2.5747670200798362E-003   1.7473119240142516     
 i,j,dist,desurfi,tempsum4           2          31   5.9423215765583439        2.3436474692578626E-004   1.5478458132344386E-002
 i,j,dist,desurfi,tempsum4           5           6   1.2421781959523039        1.1321560904188361E-003   1.7109881695787632     
 i,j,dist,desurfi,tempsum4           5           7   1.3487842625971622        2.6100387571239040E-004  0.56658801960161198     
 i,j,dist,desurfi,tempsum4           5           9   2.5085190738080185        9.5587047254556745E-005  0.37209604572644439     
 i,j,dist,desurfi,tempsum4           5          11   3.3581870399973210        7.3374361776885595E-004   1.2286551932636196     
 i,j,dist,desurfi,tempsum4           5          14   4.6842978537351145        5.6147139719489104E-004  0.54098238570027313     
 i,j,dist,desurfi,tempsum4           5          17   5.6986326544461328        3.5329711796937865E-004  0.11313657108225250     
 i,j,dist,desurfi,tempsum4           5          29   3.6940900318620162        1.4769050130804083E-004  0.23656000778822506     
 i,j,dist,desurfi,tempsum4           5          30   4.1028277745813604        5.5481479246394640E-004  0.64099582591875892     
 i,j,dist,desurfi,tempsum4           5          31   4.6973787123643680        1.7938981653046898E-004  0.16782129315385796     
 i,j,dist,desurfi,tempsum4           5          33   6.0055864929256915        2.9131750801431185E-004   3.6789831974248788E-002
 i,j,dist,desurfi,tempsum4           6           7   2.2602307888888409        9.2087323920049264E-004   1.8420012799710337     
 i,j,dist,desurfi,tempsum4           6           9   2.8573273523752905        4.7534207735923140E-004   1.3182087908715598     
 i,j,dist,desurfi,tempsum4           6          11   3.5858404813367568        2.8646833150598001E-003   3.9112763560547261     
 i,j,dist,desurfi,tempsum4           6          14   4.6598668915402675        2.1215422117120577E-003   1.7102498807072024     
 i,j,dist,desurfi,tempsum4           6          17   5.6447688950862496        1.0346773983255357E-003  0.22328209731167092     
 i,j,dist,desurfi,tempsum4           6          29   4.1970987049999460        5.4308728426299025E-004  0.59838206124785476     
 i,j,dist,desurfi,tempsum4           6          30   4.8888517874070354        1.5038068088546242E-003  0.80119987875800369     
 i,j,dist,desurfi,tempsum4           6          31   4.9493597924151693        6.0321782265270114E-004  0.34147218911128396     
 i,j,dist,desurfi,tempsum4           7           9   1.4694936128710605        5.1430141825959492E-005  0.51931066204011489     
 i,j,dist,desurfi,tempsum4           7          11   2.4643906753447480        1.0289032575484058E-003   2.1562728825193815     
 i,j,dist,desurfi,tempsum4           7          14   3.8369576715573279        9.0689006503560216E-004   1.3355224014982396     
 i,j,dist,desurfi,tempsum4           7          17   4.9584982206769039        9.1057646617752623E-004  0.68624142894754581     
 i,j,dist,desurfi,tempsum4           7          29   2.4818223226975946        2.0296427935107168E-004  0.47136415992799252     
 i,j,dist,desurfi,tempsum4           7          30   2.8044312440356127        8.6159545025380521E-004   1.5994258417959395     
 i,j,dist,desurfi,tempsum4           7          31   3.6436072121643948        2.4464498088952197E-004  0.47954924683829309     
 i,j,dist,desurfi,tempsum4           7          33   4.9104229979795475        9.9473346875704688E-004   1.2465399836641258     
 i,j,dist,desurfi,tempsum4           9          11   1.5610122369565227        5.9646118760032835E-004   1.9115075484664616     
 i,j,dist,desurfi,tempsum4           9          14   2.5863824094398775        5.4051307605008524E-004   1.6780479679385893     
 i,j,dist,desurfi,tempsum4           9          17   3.9305941475199795        6.0861346903631915E-004   1.4952194998876280     
 i,j,dist,desurfi,tempsum4           9          20   5.0651173843633073        2.3518287367059069E-004  0.24741587666035109     
 i,j,dist,desurfi,tempsum4           9          29   1.5333288009762875        9.9885553117207401E-005  0.40940393591265789     
 i,j,dist,desurfi,tempsum4           9          30   2.4082858720417346        4.6503612774711871E-004   1.4282567058743529     
 i,j,dist,desurfi,tempsum4           9          31   2.4800117092178802        5.9539434243533039E-005  0.49788278370325428     
 i,j,dist,desurfi,tempsum4           9          33   3.8702489429761191        2.5730315622883898E-006   1.5305110307019210     
 i,j,dist,desurfi,tempsum4          11          14   1.5133853040514595        5.7721310488684004E-003   9.3378583853791497     
 i,j,dist,desurfi,tempsum4          11          17   2.5047096694489954        4.3848477214805106E-003   8.5584540582554069     
 i,j,dist,desurfi,tempsum4          11          20   3.8111689431001436        9.0895038652761921E-004   1.3532877222335782     
 i,j,dist,desurfi,tempsum4          11          22   4.9671944281311990        1.0708282576333331E-003  0.83281190386031412     
 i,j,dist,desurfi,tempsum4          11          23   5.3589840606894468        3.0021988051055779E-003   1.3297950100893807     
 i,j,dist,desurfi,tempsum4          11          29   2.5516070905788721        8.4320237454629029E-004   1.5985619022921127     
 i,j,dist,desurfi,tempsum4          11          30   3.2203794249352784        3.0790364578660127E-003   4.6440302095996504     
 i,j,dist,desurfi,tempsum4          11          31   3.3585644794406373        9.4185870825299603E-004   1.6511868730027421     
 i,j,dist,desurfi,tempsum4          11          33   4.6571204537460336        2.9345740881479773E-003   3.6028802373518367     
 i,j,dist,desurfi,tempsum4          14          17   1.5379537889577890        5.7979879109298334E-003   10.463399200401884     
 i,j,dist,desurfi,tempsum4          14          20   2.4809514508561579        1.0265295001133949E-003   2.1479228599380482     
 i,j,dist,desurfi,tempsum4          14          22   3.7443233430430514        1.4951358997122625E-003   2.2023755567343137     
 i,j,dist,desurfi,tempsum4          14          23   4.4145127372890727        4.3796711097916089E-003   4.8258248886290716     
 i,j,dist,desurfi,tempsum4          14          26   4.7358662871634873        4.0966051685150913E-003   3.5868544560067797     
 i,j,dist,desurfi,tempsum4          14          29   3.1193191488564342        7.6192104622511601E-004   1.3433945641870650     
 i,j,dist,desurfi,tempsum4          14          30   3.9645794853006482        2.6373247866283232E-003   3.1309633728178259     
 i,j,dist,desurfi,tempsum4          14          31   3.3602154688002153        9.4174098677598584E-004   1.6501504601942329     
 i,j,dist,desurfi,tempsum4          14          33   4.4988839666148541        2.9209753485405663E-003   4.0238801404561242     
 i,j,dist,desurfi,tempsum4          17          20   1.4741949892171038        1.2320059109394035E-003   2.9349903442581775     
 i,j,dist,desurfi,tempsum4          17          22   2.4789335012232332        1.9745455743650810E-003   4.0259003224776331     
 i,j,dist,desurfi,tempsum4          17          23   2.9201125098274878        5.0859804805675419E-003   11.761311025620971     
 i,j,dist,desurfi,tempsum4          17          26   3.6700337577061943        5.1476651272841642E-003   9.2567756656587150     
 i,j,dist,desurfi,tempsum4          17          29   4.5384994935409431        6.8670241417338729E-004  0.76055799314703609     
 i,j,dist,desurfi,tempsum4          17          30   5.2012689735081796        1.8908778030742391E-003  0.93399699764323429     
 i,j,dist,desurfi,tempsum4          17          31   4.8374154865998085        9.3898646663859598E-004  0.79512528646841751     
 i,j,dist,desurfi,tempsum4          17          33   5.8576922807242990        2.5263880862348301E-003  0.59212610574562419     
 i,j,dist,desurfi,tempsum4          20          22   1.3101345629206658        6.0721863081975892E-004   1.2296655062119255     
 i,j,dist,desurfi,tempsum4          20          23   2.3338887744269790        1.0518576997099460E-003   3.3944035022802383     
 i,j,dist,desurfi,tempsum4          20          26   2.2767949747662466        1.0501801807933512E-003   3.4218496406606169     
 i,j,dist,desurfi,tempsum4          20          29   5.4575975194187087        1.2427338237193408E-004   4.7587563613667672E-002
 i,j,dist,desurfi,tempsum4          20          31   5.4302804235288455        2.0690990014557163E-004   6.3798608912218668E-002
 i,j,dist,desurfi,tempsum4          22          23   1.3310105109143406        3.0023168566662003E-003   6.3143867679913432     
 i,j,dist,desurfi,tempsum4          22          26   1.3137866610289792        3.0254986529122314E-003   6.3280068615836349     
 i,j,dist,desurfi,tempsum4          23          26   2.2360532558999662        5.1320327320352665E-003   17.799136802760259     
 i,j,dist,desurfi,tempsum4          29          30   1.2527215959331812        1.1252959232656910E-003   1.7080426897464507     
 i,j,dist,desurfi,tempsum4          29          31   1.3434928448923895        2.6159260871912074E-004  0.56695730887518403     
 i,j,dist,desurfi,tempsum4          29          33   2.4948058459675488        4.5705571274982926E-004   1.7104183517757245     
 i,j,dist,desurfi,tempsum4          30          31   2.2683919102164030        9.1967645638727955E-004   1.8386270680996066     
 i,j,dist,desurfi,tempsum4          30          33   2.8661827770625758        2.2423162309927096E-003   6.0163280675281712     
 i,j,dist,desurfi,tempsum4          31          33   1.4504467934326601        2.6889486309255954E-004   2.4037617021076714     

 NSTEP =        4   TIME(PS) =       0.004  TEMP(K) =   157.00  PRESS =     0.0
 Etot   =      -197.5675  EKtot   =        15.9118  EPtot      =      -213.4793
 BOND   =         9.1193  ANGLE   =         6.2523  DIHED      =         9.4683
 1-4 NB =         3.7845  1-4 EEL =      -226.4967  VDWAALS    =        -3.1124
 EELEC  =        68.4206  EGB     =       -83.8537  RESTRAINT  =         0.0000
 ESURF=         2.9385
 ------------------------------------------------------------------------------

 i,j,dist,desurfi,tempsum4           2           5   1.5278228859197307        1.1223064851666840E-003   2.4361120284223707     
 i,j,dist,desurfi,tempsum4           2           6   2.4224820079403528        3.9576435392133244E-003   7.7876599149369410     
 i,j,dist,desurfi,tempsum4           2           7   2.4663399802989203        9.9723245281093872E-004   2.7796440140631113     
 i,j,dist,desurfi,tempsum4           2           9   3.8731984476817845        5.5655050166283037E-004   1.7709338716365082     
 i,j,dist,desurfi,tempsum4           2          11   4.6510518133732059        3.3694219608225574E-003   3.4618160833838409     
 i,j,dist,desurfi,tempsum4           2          14   6.0704106885036255        5.5670813892222425E-004   4.4836502667866540E-002
 i,j,dist,desurfi,tempsum4           2          29   4.8505239469689458        7.1764716633060659E-004  0.66444987046663373     
 i,j,dist,desurfi,tempsum4           2          30   4.9432051078539097        2.5646187412478776E-003   1.7261383712605820     
 i,j,dist,desurfi,tempsum4           2          31   5.9544523216411998        2.1029888167316718E-004   1.2294695456617433E-002
 i,j,dist,desurfi,tempsum4           5           6   1.2450094263839500        1.1303020261664452E-003   1.7101979034481465     
 i,j,dist,desurfi,tempsum4           5           7   1.3525059991558215        2.6059300326964827E-004  0.56632790734658744     
 i,j,dist,desurfi,tempsum4           5           9   2.5101997183287867        9.5598983220356750E-005  0.37201605597666393     
 i,j,dist,desurfi,tempsum4           5          11   3.3691128272613895        7.3249606724818219E-004   1.2233094556176063     
 i,j,dist,desurfi,tempsum4           5          14   4.6887687585049358        5.6067002256466171E-004  0.53864981771099529     
 i,j,dist,desurfi,tempsum4           5          17   5.7007583876016792        3.5219059660542170E-004  0.11228858336291037     
 i,j,dist,desurfi,tempsum4           5          29   3.6961614126799782        1.4765350924302457E-004  0.23633574521372791     
 i,j,dist,desurfi,tempsum4           5          30   4.1040039231140844        5.5467233190882679E-004  0.64046461200651539     
 i,j,dist,desurfi,tempsum4           5          31   4.7044589028802246        1.7914612045779647E-004  0.16663743286349275     
 i,j,dist,desurfi,tempsum4           5          33   6.0129002493394612        2.8267861340419394E-004   3.4287025731420506E-002
 i,j,dist,desurfi,tempsum4           6           7   2.2601517968988003        9.2088488207819463E-004   1.8420339011996603     
 i,j,dist,desurfi,tempsum4           6           9   2.8494955711712633        4.7504640501274889E-004   1.3203157948855728     
 i,j,dist,desurfi,tempsum4           6          11   3.5897755300217820        2.8623890980214251E-003   3.9032549329982391     
 i,j,dist,desurfi,tempsum4           6          14   4.6557586639040043        2.1252367623033849E-003   1.7183117503431760     
 i,j,dist,desurfi,tempsum4           6          17   5.6399677217893744        1.0461980280885290E-003  0.22887446891455099     
 i,j,dist,desurfi,tempsum4           6          29   4.1892330188381628        5.4409090028523482E-004  0.60193934940962546     
 i,j,dist,desurfi,tempsum4           6          30   4.8833565759014661        1.5097979470474830E-003  0.80922725032735521     
 i,j,dist,desurfi,tempsum4           6          31   4.9464594946261489        6.0419492454122142E-004  0.34319112540131380     
 i,j,dist,desurfi,tempsum4           7           9   1.4696866546072553        5.1429564774012732E-005  0.51930776714928317     
 i,j,dist,desurfi,tempsum4           7          11   2.4678974158451874        1.0283969371133782E-003   2.1545078240000133     
 i,j,dist,desurfi,tempsum4           7          14   3.8365568065229638        9.0692237286565329E-004   1.3357991557753071     
 i,j,dist,desurfi,tempsum4           7          17   4.9549550091188035        9.1151455524164605E-004  0.68941612265887109     
 i,j,dist,desurfi,tempsum4           7          29   2.4834702259387784        2.0293369215367628E-004  0.47119941847802116     
 i,j,dist,desurfi,tempsum4           7          30   2.8034423408108955        8.6167459383630087E-004   1.5998998816051855     
 i,j,dist,desurfi,tempsum4           7          31   3.6503940345680355        2.4489549909768529E-004  0.47834717501710289     
 i,j,dist,desurfi,tempsum4           7          33   4.9179903523168598        9.9884705316853227E-004   1.2391851826728613     
 i,j,dist,desurfi,tempsum4           9          11   1.5644999539447333        5.9593955236495431E-004   1.9108627947463217     
 i,j,dist,desurfi,tempsum4           9          14   2.5882853758613162        5.4052843772792625E-004   1.6775199296399346     
 i,j,dist,desurfi,tempsum4           9          17   3.9304807468028877        6.0859497737648536E-004   1.4952733234160012     
 i,j,dist,desurfi,tempsum4           9          20   5.0627048934851642        2.3486258967822800E-004  0.24798555687995832     
 i,j,dist,desurfi,tempsum4           9          29   1.5336662438174262        9.9878589111202889E-005  0.40939368080325778     
 i,j,dist,desurfi,tempsum4           9          30   2.4084242053824036        4.6503696445370158E-004   1.4282259658700709     
 i,j,dist,desurfi,tempsum4           9          31   2.4867946007115380        5.9662203661637155E-005  0.49768358641712995     
 i,j,dist,desurfi,tempsum4           9          33   3.8753957158854968        2.5938237999734735E-006   1.5305008136477827     
 i,j,dist,desurfi,tempsum4          11          14   1.5074433287595086        5.7883769776673911E-003   9.3481513883662668     
 i,j,dist,desurfi,tempsum4          11          17   2.4986874603491440        4.3900425276261722E-003   8.5715691596737802     
 i,j,dist,desurfi,tempsum4          11          20   3.8019621226114553        9.0967733515765912E-004   1.3596107685872898     
 i,j,dist,desurfi,tempsum4          11          22   4.9561859390287966        1.0762559258331386E-003  0.84444638538721861     
 i,j,dist,desurfi,tempsum4          11          23   5.3575637065572943        3.0059252770774782E-003   1.3343312914575804     
 i,j,dist,desurfi,tempsum4          11          29   2.5494144615706862        8.4357881445898462E-004   1.5994977183522514     
 i,j,dist,desurfi,tempsum4          11          30   3.2153424481176431        3.0820618094695969E-003   4.6539370400820879     
 i,j,dist,desurfi,tempsum4          11          31   3.3615527794713684        9.4164566204821189E-004   1.6493106815966132     
 i,j,dist,desurfi,tempsum4          11          33   4.6553280007353663        2.9345096593688716E-003   3.6077397360360299     
 i,j,dist,desurfi,tempsum4          14          17   1.5361870175186563        5.8023539393732299E-003   10.466524446974111     
 i,j,dist,desurfi,tempsum4          14          20   2.4766629596628826        1.0271399853890811E-003   2.1500886539582140     
 i,j,dist,desurfi,tempsum4          14          22   3.7384489989918785        1.4967104708940280E-003   2.2088989061056319     
 i,j,dist,desurfi,tempsum4          14          23   4.4181260129364306        4.3771471659731689E-003   4.8119622003002185     
 i,j,dist,desurfi,tempsum4          14          26   4.7319145387071435        4.1009269082929690E-003   3.6020679955470136     
 i,j,dist,desurfi,tempsum4          14          29   3.1192992231246683        7.6192349006781713E-004   1.3434039603996517     
 i,j,dist,desurfi,tempsum4          14          30   3.9624790163965424        2.6386444448600068E-003   3.1353208994400479     
 i,j,dist,desurfi,tempsum4          14          31   3.3677664210549167        9.4120309412429619E-004   1.6454054914681393     
 i,j,dist,desurfi,tempsum4          14          33   4.5002156251258203        2.9211490424117825E-003   4.0204074009246229     
 i,j,dist,desurfi,tempsum4          17          20   1.4720683423100989        1.2329081067899603E-003   2.9357564312045419     
 i,j,dist,desurfi,tempsum4          17          22   2.4741218567143712        1.9762567548525837E-003   4.0305708000366502     
 i,j,dist,desurfi,tempsum4          17          23   2.9250427569976782        5.0858512993194327E-003   11.746770727677633     
 i,j,dist,desurfi,tempsum4          17          26   3.6678623720027903        5.1473887735197588E-003   9.2649123343804334     
 i,j,dist,desurfi,tempsum4          17          29   4.5376697170993463        6.8681946417823261E-004  0.76107110109555620     
 i,j,dist,desurfi,tempsum4          17          30   5.1976187325286949        1.8964396443461558E-003  0.94112798919118923     
 i,j,dist,desurfi,tempsum4          17          31   4.8434801242999095        9.3773195248679020E-004  0.78965979061735059     
 i,j,dist,desurfi,tempsum4          17          33   5.8579426010970383        2.5252888505564431E-003  0.59139124156781264     
 i,j,dist,desurfi,tempsum4          20          22   1.3091586350927522        6.0749291907297208E-004   1.2298195287977709     
 i,j,dist,desurfi,tempsum4          20          23   2.3425966581030471        1.0521754130301990E-003   3.3901534552712129     
 i,j,dist,desurfi,tempsum4          20          26   2.2770236405910085        1.0501854711247747E-003   3.4217411527439330     
 i,j,dist,desurfi,tempsum4          20          29   5.4536607813958078        1.2477552710596235E-004   4.8118211304957859E-002
 i,j,dist,desurfi,tempsum4          20          31   5.4331742863312371        2.0622605482372068E-004   6.3154366660269856E-002
 i,j,dist,desurfi,tempsum4          22          23   1.3370539590354020        2.9943451311047063E-003   6.3095905521196975     
 i,j,dist,desurfi,tempsum4          22          26   1.3171377967742135        3.0209338814579218E-003   6.3253625743731536     
 i,j,dist,desurfi,tempsum4          23          26   2.2411470787268097        5.1328672762001142E-003   17.787524606687001     
 i,j,dist,desurfi,tempsum4          29          30   1.2560731587019913        1.1231403439299925E-003   1.7071049075742641     
 i,j,dist,desurfi,tempsum4          29          31   1.3445561048897676        2.6147387505858041E-004  0.56688315344310025     
 i,j,dist,desurfi,tempsum4          29          33   2.4990285114857600        4.5716875860710480E-004   1.7094620762839883     
 i,j,dist,desurfi,tempsum4          30          31   2.2699943965364975        9.1944287551047892E-004   1.8379636074829770     
 i,j,dist,desurfi,tempsum4          30          33   2.8746900646514502        2.2436080868439312E-003   6.0054605535125667     
 i,j,dist,desurfi,tempsum4          31          33   1.4468198188253618        2.6897967689405814E-004   2.4040420666867330     

 NSTEP =        5   TIME(PS) =       0.005  TEMP(K) =   160.71  PRESS =     0.0
 Etot   =      -197.7673  EKtot   =        16.2879  EPtot      =      -214.0551
 BOND   =         6.3326  ANGLE   =         8.0798  DIHED      =         9.5658
 1-4 NB =         3.7674  1-4 EEL =      -225.9542  VDWAALS    =        -3.0996
 EELEC  =        68.2007  EGB     =       -83.8865  RESTRAINT  =         0.0000
 ESURF=         2.9389
 ------------------------------------------------------------------------------


      A V E R A G E S   O V E R       5 S T E P S


 NSTEP =        5   TIME(PS) =       0.005  TEMP(K) =   204.88  PRESS =     0.0
 Etot   =      -197.8697  EKtot   =        20.7634  EPtot      =      -218.6332
 BOND   =         5.9400  ANGLE   =         4.6635  DIHED      =         9.4137
 1-4 NB =         3.7495  1-4 EEL =      -227.0412  VDWAALS    =        -3.1105
 EELEC  =        68.5896  EGB     =       -83.7755  RESTRAINT  =         0.0000
 ESURF=         2.9378
 ------------------------------------------------------------------------------


      R M S  F L U C T U A T I O N S


 NSTEP =        5   TIME(PS) =       0.005  TEMP(K) =    45.70  PRESS =     0.0
 Etot   =         0.2518  EKtot   =         4.6316  EPtot      =         4.8715
 BOND   =         2.5027  ANGLE   =         2.2504  DIHED      =         0.0934
 1-4 NB =         0.0322  1-4 EEL =         0.7694  VDWAALS    =         0.0064
 EELEC  =         0.2611  EGB     =         0.0899  RESTRAINT  =         0.0000
 ESURF=         0.0009
 ------------------------------------------------------------------------------

--------------------------------------------------------------------------------
   5.  TIMINGS
--------------------------------------------------------------------------------

|  NonSetup CPU Time in Major Routines:
|
|     Routine           Sec        %
|     ------------------------------
|     Nonbond           0.00   53.66
|     Bond              0.00    0.19
|     Angle             0.00    1.20
|     Dihedral          0.00    3.99
|     Shake             0.00    0.00
|     RunMD             0.00   40.42
|     Other             0.00    0.54
|     ------------------------------
|     Total             0.01

|  Generalized Born CPU Time:
|
|     Routine                 Sec        %
|     ------------------------------------
|     Radii Calc              0.00    7.29
|     Diagonal Calc           0.00   10.23
|     Off Diagonal Calc       0.00   35.47
|     GBSA LCPO Calc          0.00    0.12
|     ---------------------------------
|     Total                   0.00   52.98

|  Final Performance Info:
|     -----------------------------------------------------
|     Average timings for last       5 steps:
|     Elapsed(s) =       0.05 Per Step(ms) =       9.88
|         ns/day =       8.75   seconds/ns =    9878.42
|
|     Average timings for all steps:
|     Elapsed(s) =       0.05 Per Step(ms) =       9.88
|         ns/day =       8.75   seconds/ns =    9878.42
|     -----------------------------------------------------

|  Setup CPU time:            0.00 seconds
|  NonSetup CPU time:         0.01 seconds
|  Total CPU time:            0.01 seconds     0.00 hours

|  Setup wall time:           0    seconds
|  NonSetup wall time:        0    seconds
|  Total wall time:           0    seconds     0.00 hours
