
          -------------------------------------------------------
          Amber 16 PMEMD                              2014
          -------------------------------------------------------

| PMEMD implementation of SANDER, Release 16

| Run on 08/01/2019 at 22:11:57

|   Executable path: /cavern/ctian/amber16testGBSAfinal_compilcuda8.0_original_withCMAP/bin/pmemd
| Working directory: /home/ywang/testset/02.min
|          Hostname: laufer4

  [-O]verwriting output

File Assignments:
|   MDIN: min.in                                                                
|  MDOUT: min.out                                                               
| INPCRD: ../01.leap/ARGdipeptide.crd                                           
|   PARM: ../01.leap/ARGdipeptide.top                                           
| RESTRT: min.rst                                                               
|   REFC: refc                                                                  
|  MDVEL: mdvel                                                                 
|   MDEN: mden                                                                  
|  MDCRD: min.x                                                                 
| MDINFO: mininfo                                                               
|  MDFRC: mdfrc                                                                 


 Here is the input file:

energy minimization                                                            
 &cntrl                                                                        
 	  imin = 1, maxcyc=1000,                                                     
 	  ntx = 1,                                                                   
 	  ntwr = 100, ntpr = 100,                                                    
 	  cut = 999.0,                                                               
 	  ntb=0, igb = 8, gbsa = 0,                                                  
         saltcon = 0.0,                                                        
 /                                                                             
                                                                               


Note: ig = -1. Setting random seed to   761644 based on wallclock time in 
      microseconds.
 
| Conditional Compilation Defines Used:
| PUBFFT
| BINTRAJ
| EMIL

| New format PARM file being parsed.
| Version =    1.000 Date = 08/01/19 Time = 15:52:40

| Note: 1-4 EEL scale factors are being read from the topology file.

| Note: 1-4 VDW scale factors are being read from the topology file.
| INFO:    Reading atomic numbers from topology file.
| Duplicated    0 dihedrals

| Duplicated    0 dihedrals

--------------------------------------------------------------------------------
   1.  RESOURCE   USE: 
--------------------------------------------------------------------------------

 NATOM  =      36 NTYPES =       7 NBONH =      20 MBONA  =      15
 NTHETH =      42 MTHETA =      18 NPHIH =      85 MPHIA  =      37
 NHPARM =       0 NPARM  =       0 NNB   =     174 NRES   =       3
 NBONA  =      15 NTHETA =      18 NPHIA =      37 NUMBND =      17
 NUMANG =      34 NPTRA  =      21 NATYP =      11 NPHB   =       0
 IFBOX  =       0 NMXRS  =      24 IFCAP =       0 NEXTRA =       0
 NCOPY  =       0

 Implicit solvent radii are ArgH and AspGluO modified Bondi2 radii (mbondi3)                                
 Replacing prmtop screening parameters with GBn2 (igb=8) values
|CHARMM: Reticulating splines.

--------------------------------------------------------------------------------
   2.  CONTROL  DATA  FOR  THE  RUN
--------------------------------------------------------------------------------

ACE                                                                             

General flags:
     imin    =       1, nmropt  =       0

Nature and format of input:
     ntx     =       1, irest   =       0, ntrx    =       1

Nature and format of output:
     ntxo    =       2, ntpr    =     100, ntrx    =       1, ntwr    =     100
     iwrap   =       0, ntwx    =       0, ntwv    =       0, ntwe    =       0
     ioutfm  =       1, ntwprt  =       0, idecomp =       0, rbornstat=      0

Potential function:
     ntf     =       1, ntb     =       0, igb     =       8, nsnb    =      25
     ipol    =       0, gbsa    =       0, iesp    =       0
     dielc   =   1.00000, cut     = 999.00000, intdiel =   1.00000
     saltcon =   0.00000, offset  =   0.19514, surften =   0.00500
     rdt     =   0.00000, rgbmax  =  25.00000  extdiel =  78.50000
     alpb  =        0
     gbalphaH  =   0.78844, gbbetaH   =   0.79870,  gbgammaH  =    0.43733
     gbalphaC  =   0.73376, gbbetaC   =   0.50638,  gbgammaC  =    0.20584
     gbalphaN  =   0.50336, gbbetaN   =   0.31683,  gbgammaN  =    0.19292
     gbalphaOS =   0.86781, gbbetaOS  =   0.87664,  gbgammaOS =    0.38788
     gbalphaP  =   1.00000, gbbetaP   =   0.80000,  gbgammaP  =    4.85000
     gb_alpha_hnu  =   0.53705, gb_beta_hnu   =   0.36286,  gb_gamma_hnu  =    0.11670
     gb_alpha_cnu  =   0.33167, gb_beta_cnu   =   0.19684,  gb_gamma_cnu  =    0.09342
     gb_alpha_nnu  =   0.68631, gb_beta_nnu   =   0.46319,  gb_gamma_nnu  =    0.13872
     gb_alpha_onu  =   0.60634, gb_beta_onu   =   0.46301,  gb_gamma_onu  =    0.14226
     gb_alpha_pnu  =   0.41836, gb_beta_pnu   =   0.29005,  gb_gamma_pnu  =    0.10642

Frozen or restrained atoms:
     ibelly  =       0, ntr     =       0

Energy minimization:
     maxcyc  =    1000, ncyc    =      10, ntmin   =       1
     dx0     =   0.01000, drms    =   0.00010

| Intermolecular bonds treatment:
|     no_intermolecular_bonds =       1

| Energy averages sample interval:
|     ene_avg_sampling =       1

--------------------------------------------------------------------------------
   3.  ATOMIC COORDINATES AND VELOCITIES
--------------------------------------------------------------------------------

ACE                                                                             
 begin time read from input coords =     0.000 ps

 
 Number of triangulated 3-point waters found:        0
| Dynamic Memory, Types Used:
| Reals                3596
| Integers             3133

--------------------------------------------------------------------------------
   4.  RESULTS
--------------------------------------------------------------------------------



   NSTEP       ENERGY          RMS            GMAX         NAME    NUMBER
      1      -1.1955E+02     9.0739E+01     4.7095E+02     HG2        15

 BOND    =        0.2629  ANGLE   =        0.5947  DIHED      =        2.7903
 UB      =        0.0000  IMP     =        0.0000  CMAP       =       -0.8202
 VDWAALS =      106.4199  EEL     =       64.7861  EGB        =      -83.0864
 1-4 VDW =        7.5612  1-4 EEL =     -218.0543  RESTRAINT  =        0.0000


   NSTEP       ENERGY          RMS            GMAX         NAME    NUMBER
    100      -2.3324E+02     8.6232E-01     2.7408E+00     CH3        33

 BOND    =        2.4732  ANGLE   =        2.8004  DIHED      =        3.4582
 UB      =        0.0000  IMP     =        0.0000  CMAP       =       -0.7535
 VDWAALS =       -2.1627  EEL     =       69.7345  EGB        =      -83.9500
 1-4 VDW =        3.6104  1-4 EEL =     -228.4456  RESTRAINT  =        0.0000


   NSTEP       ENERGY          RMS            GMAX         NAME    NUMBER
    200      -2.3468E+02     7.3998E-01     2.6796E+00     C          29

 BOND    =        2.4331  ANGLE   =        2.2077  DIHED      =        3.0183
 UB      =        0.0000  IMP     =        0.0000  CMAP       =       -0.5579
 VDWAALS =       -2.8158  EEL     =       69.3799  EGB        =      -83.3184
 1-4 VDW =        3.5834  1-4 EEL =     -228.6074  RESTRAINT  =        0.0000


   NSTEP       ENERGY          RMS            GMAX         NAME    NUMBER
    300      -2.3523E+02     5.0327E-01     1.8378E+00     N          31

 BOND    =        2.3035  ANGLE   =        2.0618  DIHED      =        2.9469
 UB      =        0.0000  IMP     =        0.0000  CMAP       =       -0.4471
 VDWAALS =       -3.0894  EEL     =       69.0764  EGB        =      -83.1498
 1-4 VDW =        3.5923  1-4 EEL =     -228.5280  RESTRAINT  =        0.0000


   NSTEP       ENERGY          RMS            GMAX         NAME    NUMBER
    400      -2.3543E+02     1.2935E-01     4.4828E-01     HH31       34

 BOND    =        2.2683  ANGLE   =        1.9585  DIHED      =        2.8835
 UB      =        0.0000  IMP     =        0.0000  CMAP       =       -0.4110
 VDWAALS =       -3.1464  EEL     =       68.8830  EGB        =      -83.0723
 1-4 VDW =        3.6238  1-4 EEL =     -228.4125  RESTRAINT  =        0.0000


   NSTEP       ENERGY          RMS            GMAX         NAME    NUMBER
    500      -2.3547E+02     8.2864E-02     3.0930E-01     CH3        33

 BOND    =        2.2609  ANGLE   =        1.9308  DIHED      =        2.8645
 UB      =        0.0000  IMP     =        0.0000  CMAP       =       -0.3974
 VDWAALS =       -3.1630  EEL     =       68.7818  EGB        =      -83.0372
 1-4 VDW =        3.6360  1-4 EEL =     -228.3475  RESTRAINT  =        0.0000


   NSTEP       ENERGY          RMS            GMAX         NAME    NUMBER
    600      -2.3549E+02     1.9369E-01     5.5401E-01     N           7

 BOND    =        2.2602  ANGLE   =        1.8930  DIHED      =        2.8593
 UB      =        0.0000  IMP     =        0.0000  CMAP       =       -0.3882
 VDWAALS =       -3.1760  EEL     =       68.7099  EGB        =      -83.0096
 1-4 VDW =        3.6542  1-4 EEL =     -228.2952  RESTRAINT  =        0.0000


   NSTEP       ENERGY          RMS            GMAX         NAME    NUMBER
    700      -2.3551E+02     1.3565E-01     3.7265E-01     NE         20

 BOND    =        2.2543  ANGLE   =        1.8973  DIHED      =        2.8611
 UB      =        0.0000  IMP     =        0.0000  CMAP       =       -0.3846
 VDWAALS =       -3.1843  EEL     =       68.6281  EGB        =      -82.9921
 1-4 VDW =        3.6751  1-4 EEL =     -228.2610  RESTRAINT  =        0.0000


   NSTEP       ENERGY          RMS            GMAX         NAME    NUMBER
    800      -2.3551E+02     2.8915E-02     1.0746E-01     N           7

 BOND    =        2.2578  ANGLE   =        1.8736  DIHED      =        2.8628
 UB      =        0.0000  IMP     =        0.0000  CMAP       =       -0.3849
 VDWAALS =       -3.1835  EEL     =       68.6331  EGB        =      -82.9898
 1-4 VDW =        3.6731  1-4 EEL =     -228.2527  RESTRAINT  =        0.0000


   NSTEP       ENERGY          RMS            GMAX         NAME    NUMBER
    900      -2.3551E+02     1.1847E-02     3.6864E-02     HD3        19

 BOND    =        2.2589  ANGLE   =        1.8781  DIHED      =        2.8642
 UB      =        0.0000  IMP     =        0.0000  CMAP       =       -0.3855
 VDWAALS =       -3.1845  EEL     =       68.6506  EGB        =      -82.9916
 1-4 VDW =        3.6684  1-4 EEL =     -228.2709  RESTRAINT  =        0.0000


   NSTEP       ENERGY          RMS            GMAX         NAME    NUMBER
   1000      -2.3551E+02     4.2761E-02     1.7606E-01     CH3         2

 BOND    =        2.2596  ANGLE   =        1.8817  DIHED      =        2.8655
 UB      =        0.0000  IMP     =        0.0000  CMAP       =       -0.3859
 VDWAALS =       -3.1860  EEL     =       68.6581  EGB        =      -82.9926
 1-4 VDW =        3.6681  1-4 EEL =     -228.2823  RESTRAINT  =        0.0000


  Maximum number of minimization cycles reached.


                    FINAL RESULTS



   NSTEP       ENERGY          RMS            GMAX         NAME    NUMBER
   1000      -2.3551E+02     4.2761E-02     1.7606E-01     CH3         2

 BOND    =        2.2596  ANGLE   =        1.8817  DIHED      =        2.8655
 UB      =        0.0000  IMP     =        0.0000  CMAP       =       -0.3859
 VDWAALS =       -3.1860  EEL     =       68.6581  EGB        =      -82.9926
 1-4 VDW =        3.6681  1-4 EEL =     -228.2823  RESTRAINT  =        0.0000
--------------------------------------------------------------------------------
   5.  TIMINGS
--------------------------------------------------------------------------------

|  NonSetup CPU Time in Major Routines:
|
|     Routine           Sec        %
|     ------------------------------
|     Nonbond           0.24   79.94
|     Bond              0.00    0.47
|     Angle             0.01    2.78
|     Dihedral          0.04   14.99
|     Shake             0.00    0.00
|     Other             0.01    1.82
|     ------------------------------
|     Total             0.30

|  Generalized Born CPU Time:
|
|     Routine                 Sec        %
|     ------------------------------------
|     Radii Calc              0.08   26.33
|     Diagonal Calc           0.10   35.14
|     Off Diagonal Calc       0.05   16.95
|     GBSA LCPO Calc          0.00    0.24
|     ---------------------------------
|     Total                   0.23   78.41

|  Setup CPU time:            0.01 seconds
|  NonSetup CPU time:         0.30 seconds
|  Total CPU time:            0.30 seconds     0.00 hours

|  Setup wall time:           0    seconds
|  NonSetup wall time:        0    seconds
|  Total wall time:           0    seconds     0.00 hours
