
          -------------------------------------------------------
          Amber 16 PMEMD                              2016
          -------------------------------------------------------

| PMEMD implementation of SANDER, Release 16

| Run on 09/04/2019 at 14:49:32

|   Executable path: /mnt/raidc2/koushik/amber16gbsarecompile/bin/pmemd
| Working directory: /mnt/raidc2/ywang/hackathon/testset/ff19SB/03.md/16_koushik_gbsa_3
|          Hostname: Unknown
  [-O]verwriting output

File Assignments:
|   MDIN: md.in                                                                 
|  MDOUT: md.out                                                                
| INPCRD: ../../02.min/min.rst                                                  
|   PARM: ../../01.leap/ARGdipeptide.top                                        
| RESTRT: md.rst                                                                
|   REFC: refc                                                                  
|  MDVEL: mdvel                                                                 
|   MDEN: mden                                                                  
|  MDCRD: md.x                                                                  
| MDINFO: mdinfo                                                                
|  MDFRC: mdfrc                                                                 


 Here is the input file:

md.in                                                                          
&cntrl                                                                         
       imin = 0, nstlim = 1, dt = 0.001,                                       
       ntx = 1, irest = 0, ig = 123456,                                        
       ntt = 1, tempi = 300.0, temp0 = 300.0,                                  
       ntc = 2, ntf = 2,                                                       
       ntwx = 1, ntwe = 1, ntwr = 1, ntpr = 1,                                 
       cut = 9999.0,                                                           
       ntb = 0,                                                                
       igb = 8, gbsa = 3, surften = 0.007,                                     
       ioutfm = 1,                                                             
       ntr = 0,  nscm = 1000,                                                  
/                                                                              
                                                                               


 
| Conditional Compilation Defines Used:
| PUBFFT
| BINTRAJ
| EMIL

| New format PARM file being parsed.
| Version =    1.000 Date = 08/01/19 Time = 15:52:40

| Note: 1-4 EEL scale factors are being read from the topology file.

| Note: 1-4 VDW scale factors are being read from the topology file.
| INFO:    Reading atomic numbers from topology file.
| Duplicated    0 dihedrals

| Duplicated    0 dihedrals

--------------------------------------------------------------------------------
   1.  RESOURCE   USE: 
--------------------------------------------------------------------------------

 NATOM  =      36 NTYPES =       7 NBONH =      20 MBONA  =      15
 NTHETH =      42 MTHETA =      18 NPHIH =      85 MPHIA  =      37
 NHPARM =       0 NPARM  =       0 NNB   =     174 NRES   =       3
 NBONA  =      15 NTHETA =      18 NPHIA =      37 NUMBND =      17
 NUMANG =      34 NPTRA  =      21 NATYP =      11 NPHB   =       0
 IFBOX  =       0 NMXRS  =      24 IFCAP =       0 NEXTRA =       0
 NCOPY  =       0

 Implicit solvent radii are ArgH and AspGluO modified Bondi2 radii (mbondi3)                                
 Replacing prmtop screening parameters with GBn2 (igb=8) values
--------------------------------------------------------------------------------
   2.  CONTROL  DATA  FOR  THE  RUN
--------------------------------------------------------------------------------

ACE                                                                             

General flags:
     imin    =       0, nmropt  =       0

Nature and format of input:
     ntx     =       1, irest   =       0, ntrx    =       1

Nature and format of output:
     ntxo    =       2, ntpr    =       1, ntrx    =       1, ntwr    =       1
     iwrap   =       0, ntwx    =       1, ntwv    =       0, ntwe    =       1
     ioutfm  =       1, ntwprt  =       0, idecomp =       0, rbornstat=      0

Potential function:
     ntf     =       2, ntb     =       0, igb     =       8, nsnb    =      25
     ipol    =       0, gbsa    =       3, iesp    =       0
     dielc   =   1.00000, cut     =9999.00000, intdiel =   1.00000
     saltcon =   0.00000, offset  =   0.19514, surften =   0.00700
     rdt     =   0.00000, rgbmax  =  25.00000  extdiel =  78.50000
     alpb  =        0
     gbalphaH  =   0.78844, gbbetaH   =   0.79870,  gbgammaH  =    0.43733
     gbalphaC  =   0.73376, gbbetaC   =   0.50638,  gbgammaC  =    0.20584
     gbalphaN  =   0.50336, gbbetaN   =   0.31683,  gbgammaN  =    0.19292
     gbalphaOS =   0.86781, gbbetaOS  =   0.87664,  gbgammaOS =    0.38788
     gbalphaP  =   1.00000, gbbetaP   =   0.80000,  gbgammaP  =    4.85000
     gb_alpha_hnu  =   0.53705, gb_beta_hnu   =   0.36286,  gb_gamma_hnu  =    0.11670
     gb_alpha_cnu  =   0.33167, gb_beta_cnu   =   0.19684,  gb_gamma_cnu  =    0.09342
     gb_alpha_nnu  =   0.68631, gb_beta_nnu   =   0.46319,  gb_gamma_nnu  =    0.13872
     gb_alpha_onu  =   0.60634, gb_beta_onu   =   0.46301,  gb_gamma_onu  =    0.14226
     gb_alpha_pnu  =   0.41836, gb_beta_pnu   =   0.29005,  gb_gamma_pnu  =    0.10642

Frozen or restrained atoms:
     ibelly  =       0, ntr     =       0

Molecular dynamics:
     nstlim  =         1, nscm    =      1000, nrespa  =         1
     t       =   0.00000, dt      =   0.00100, vlimit  =  20.00000

Berendsen (weak-coupling) temperature regulation:
     temp0   = 300.00000, tempi   = 300.00000, tautp   =   1.00000

SHAKE:
     ntc     =       2, jfastw  =       0
     tol     =   0.00001

| Intermolecular bonds treatment:
|     no_intermolecular_bonds =       1

| Energy averages sample interval:
|     ene_avg_sampling =       1

--------------------------------------------------------------------------------
   3.  ATOMIC COORDINATES AND VELOCITIES
--------------------------------------------------------------------------------

ACE                                                                             
 begin time read from input coords =     0.000 ps

 
 Number of triangulated 3-point waters found:        0
| Dynamic Memory, Types Used:
| Reals                1418
| Integers             3167

--------------------------------------------------------------------------------
   4.  RESULTS
--------------------------------------------------------------------------------

 i,j,dist,desurfi,tempsum4           2           5   1.5114361920481716        1.8819952500364920E-003   2.4416740575399016     
 i,j,dist,desurfi,tempsum4           2           6   2.3789590059458514        6.6451821498972443E-003   7.8700099148783575     
 i,j,dist,desurfi,tempsum4           2           7   2.4237718159749844        1.6637448076018860E-003   2.8002478838002047     
 i,j,dist,desurfi,tempsum4           2           9   3.8427772581562123        9.1641111998116921E-004   1.7838158535071802     
 i,j,dist,desurfi,tempsum4           2          11   4.5296022745894033        5.7714138341207954E-003   3.8397694375625733     
 i,j,dist,desurfi,tempsum4           2          14   5.9922833972029919        1.4244907172876243E-003  0.11099238098079667     
 i,j,dist,desurfi,tempsum4           2          29   4.8364495265988863        1.2002766047530037E-003  0.67417359732394999     
 i,j,dist,desurfi,tempsum4           2          30   4.9715741017051602        4.2160476149096645E-003   1.6550611841648948     
 i,j,dist,desurfi,tempsum4           2          31   5.8900273268221515        5.5321560875397629E-004   3.2905297232336927E-002
 i,j,dist,desurfi,tempsum4           5           6   1.2311052438930852        1.8991545052665251E-003   1.7140740672108288     
 i,j,dist,desurfi,tempsum4           5           7   1.3360853681941167        4.3737650474325967E-004  0.56747323879825329     
 i,j,dist,desurfi,tempsum4           5           9   2.5052167403919268        1.5927290315947992E-004  0.37225303423743172     
 i,j,dist,desurfi,tempsum4           5          11   3.2422992469562422        1.2452773885538540E-003   1.2848388718801265     
 i,j,dist,desurfi,tempsum4           5          14   4.6125421905889041        9.5663061353480194E-004  0.57855734198532671     
 i,j,dist,desurfi,tempsum4           5          17   5.6026287149213747        6.6755952429776403E-004  0.15374602990006903     
 i,j,dist,desurfi,tempsum4           5          29   3.7258124894232614        2.4520406894399874E-004  0.23311792997562164     
 i,j,dist,desurfi,tempsum4           5          30   4.1596955032414673        9.1302935173404086E-004  0.61529616827283506     
 i,j,dist,desurfi,tempsum4           5          31   4.6888089524961210        2.9946725509014924E-004  0.16925396771692447     
 i,j,dist,desurfi,tempsum4           5          33   6.0174802621886503        4.6198027612243727E-004   3.2756827230667973E-002
 i,j,dist,desurfi,tempsum4           6           7   2.2617067434500506        1.5344265047398111E-003   1.8413916229312708     
 i,j,dist,desurfi,tempsum4           6           9   2.8857384265255477        7.9407524195374848E-004   1.3105054697102436     
 i,j,dist,desurfi,tempsum4           6          11   3.4295574033116636        4.9260714066965269E-003   4.2277742057264405     
 i,j,dist,desurfi,tempsum4           6          14   4.5618426361982225        3.6783924082743622E-003   1.9043655161233950     
 i,j,dist,desurfi,tempsum4           6          17   5.4807262819004574        2.3292613140053716E-003  0.44423670733066345     
 i,j,dist,desurfi,tempsum4           6          29   4.2903654885182902        8.8466899157274462E-004  0.55621194444758748     
 i,j,dist,desurfi,tempsum4           6          30   4.9792320395665577        2.3356131451465721E-003  0.67263334674898800     
 i,j,dist,desurfi,tempsum4           6          31   5.0302666882749953        9.5715782171656354E-004  0.29429331553462967     
 i,j,dist,desurfi,tempsum4           7           9   1.4758306074208447        8.5686231825551776E-005  0.51921544929500796     
 i,j,dist,desurfi,tempsum4           7          11   2.4574658570231693        1.7165149447409807E-003   2.1597535550845626     
 i,j,dist,desurfi,tempsum4           7          14   3.8453018197142943        1.5103591243261437E-003   1.3297573440679078     
 i,j,dist,desurfi,tempsum4           7          17   4.9786899520586161        1.5084971942210027E-003  0.66816998914087122     
 i,j,dist,desurfi,tempsum4           7          29   2.4773377682163034        3.3841324255953320E-004  0.47181205457987430     
 i,j,dist,desurfi,tempsum4           7          30   2.8325227128231516        1.4322961753993686E-003   1.5859082563735953     
 i,j,dist,desurfi,tempsum4           7          31   3.5864909411157999        4.0425350069340593E-004  0.48952897646756777     
 i,j,dist,desurfi,tempsum4           7          33   4.8619451132181268        1.6140668232759088E-003   1.2926734727447302     
 i,j,dist,desurfi,tempsum4           9          11   1.5435111314486019        9.9855497910788160E-004   1.9147297027818482     
 i,j,dist,desurfi,tempsum4           9          14   2.5746795437722971        9.0070871041647072E-004   1.6812864458021988     
 i,j,dist,desurfi,tempsum4           9          17   3.9215665186528761        1.0119065333060759E-003   1.4994943329378021     
 i,j,dist,desurfi,tempsum4           9          20   5.0625850505797256        3.9141112443338670E-004  0.24801382900130570     
 i,j,dist,desurfi,tempsum4           9          29   1.5343324503458304        1.6644142808155450E-004  0.40937342982279357     
 i,j,dist,desurfi,tempsum4           9          30   2.4027493442876735        7.7500662449130270E-004   1.4294855221861282     
 i,j,dist,desurfi,tempsum4           9          31   2.4520820743425586        9.8406420868702471E-005  0.49869304151901889     
 i,j,dist,desurfi,tempsum4           9          33   3.8530676170573015        4.1752840156880277E-006   1.5305444541039457     
 i,j,dist,desurfi,tempsum4          11          14   1.5377753455393617        9.5113322907575126E-003   9.2954874191627397     
 i,j,dist,desurfi,tempsum4          11          17   2.5275954492256054        7.2755681234064574E-003   8.5084672909148544     
 i,j,dist,desurfi,tempsum4          11          20   3.8434629933452311        1.5106074691011919E-003   1.3310285149906611     
 i,j,dist,desurfi,tempsum4          11          22   5.0133552542591717        1.7459366982160239E-003  0.78439863082528305     
 i,j,dist,desurfi,tempsum4          11          23   5.3661516916298151        4.9721373735256164E-003   1.3069711591030462     
 i,j,dist,desurfi,tempsum4          11          29   2.5480765816631852        1.4063480329675217E-003   1.6000685366969636     
 i,j,dist,desurfi,tempsum4          11          30   3.1706898280939826        5.1817306652241412E-003   4.7415054670713719     
 i,j,dist,desurfi,tempsum4          11          31   3.3876332115531707        1.5663192861116774E-003   1.6328834458626420     
 i,j,dist,desurfi,tempsum4          11          33   4.6947134473040739        4.8922989736879434E-003   3.5005130074451341     
 i,j,dist,desurfi,tempsum4          14          17   1.5341245148118356        9.6791072746335739E-003   10.470171245176321     
 i,j,dist,desurfi,tempsum4          14          20   2.4894303659015717        1.7088850762116061E-003   2.1436335561584903     
 i,j,dist,desurfi,tempsum4          14          22   3.7659921367958407        2.4821965348168816E-003   2.1782838911282880     
 i,j,dist,desurfi,tempsum4          14          23   4.3954906467559374        7.3212539126105581E-003   4.8987480941556854     
 i,j,dist,desurfi,tempsum4          14          26   4.7397609035929387        6.8205367993869649E-003   3.5718641906537378     
 i,j,dist,desurfi,tempsum4          14          29   3.1067388181958004        1.2724463813019843E-003   1.3493210138488916     
 i,j,dist,desurfi,tempsum4          14          30   3.8880393977186452        4.4747626792889898E-003   3.2896371530330395     
 i,j,dist,desurfi,tempsum4          14          31   3.4047323271889494        1.5643005343316230E-003   1.6220619972171302     
 i,j,dist,desurfi,tempsum4          14          33   4.5465738555926505        4.8777050602360934E-003   3.8987507113250004     
 i,j,dist,desurfi,tempsum4          17          20   1.4762504162172916        2.0518950360552644E-003   2.9342493947712827     
 i,j,dist,desurfi,tempsum4          17          22   2.5006987445788718        3.2781638045914180E-003   4.0047107786769027     
 i,j,dist,desurfi,tempsum4          17          23   2.9055053427698656        8.4773811560713216E-003   11.804248902362072     
 i,j,dist,desurfi,tempsum4          17          26   3.6728857063670870        8.5800459845982203E-003   9.2460807954384023     
 i,j,dist,desurfi,tempsum4          17          29   4.5184285942807456        1.1491771975702073E-003  0.77296719545717218     
 i,j,dist,desurfi,tempsum4          17          30   5.1070965854782573        3.3800792139727937E-003   1.1227885224990501     
 i,j,dist,desurfi,tempsum4          17          31   4.8819977637058534        1.5489443336599291E-003  0.75496440135484555     
 i,j,dist,desurfi,tempsum4          17          33   5.9074356039609457        3.8185980591847624E-003  0.45211783281762941     
 i,j,dist,desurfi,tempsum4          20          22   1.3217042125217304        1.0066696828493367E-003   1.2278361147980439     
 i,j,dist,desurfi,tempsum4          20          23   2.3020699549596029        1.7513917619794558E-003   3.4097886572378791     
 i,j,dist,desurfi,tempsum4          20          26   2.2734422638147618        1.7501732567574541E-003   3.4234389835188974     
 i,j,dist,desurfi,tempsum4          20          29   5.4441620230589685        2.0995703568149566E-004   4.9405752702983197E-002
 i,j,dist,desurfi,tempsum4          20          31   5.4932304536775325        3.1802442421055240E-004   5.0218896540723978E-002
 i,j,dist,desurfi,tempsum4          22          23   1.3026033231781140        5.0682108940319284E-003   6.3368114908495672     
 i,j,dist,desurfi,tempsum4          22          26   1.3001172458992756        5.0739955983002145E-003   6.3387646385247214     
 i,j,dist,desurfi,tempsum4          23          26   2.2208024908668778        8.5495235347100539E-003   17.833734658143854     
 i,j,dist,desurfi,tempsum4          29          30   1.2338844096976813        1.8960640236816166E-003   1.7133002708930976     
 i,j,dist,desurfi,tempsum4          29          31   1.3364342169281915        4.3731069758633950E-004  0.56744896869979877     
 i,j,dist,desurfi,tempsum4          29          33   2.4836227998610494        7.6127265933584711E-004   1.7129419573114313     
 i,j,dist,desurfi,tempsum4          30          31   2.2569546324095202        1.5355951322332979E-003   1.8433536198267806     
 i,j,dist,desurfi,tempsum4          30          33   2.8468564243602521        3.7324219723466308E-003   6.0408737313481451     
 i,j,dist,desurfi,tempsum4          31          33   1.4639026211178712        4.4766199859471069E-004   2.4027161886985944     

 NSTEP =        0   TIME(PS) =       0.000  TEMP(K) =   337.47  PRESS =     0.0
 Etot   =      -202.7684  EKtot   =        27.4950  EPtot      =      -230.2634
 BOND   =         2.2352  ANGLE   =         1.8817  DIHED      =         2.8655
 1-4 NB =         3.6681  1-4 EEL =      -228.2823  VDWAALS    =        -3.1860
 EELEC  =        68.6581  EGB     =       -82.9926  RESTRAINT  =         0.0000
 ESURF=         4.8888
 ------------------------------------------------------------------------------

 i,j,dist,desurfi,tempsum4           2           5   1.5114361920481716        1.8819952500364920E-003   2.4416740575399016     
 i,j,dist,desurfi,tempsum4           2           6   2.3789590059458514        6.6451821498972443E-003   7.8700099148783575     
 i,j,dist,desurfi,tempsum4           2           7   2.4237718159749844        1.6637448076018860E-003   2.8002478838002047     
 i,j,dist,desurfi,tempsum4           2           9   3.8427772581562123        9.1641111998116921E-004   1.7838158535071802     
 i,j,dist,desurfi,tempsum4           2          11   4.5296022745894033        5.7714138341207954E-003   3.8397694375625733     
 i,j,dist,desurfi,tempsum4           2          14   5.9922833972029919        1.4244907172876243E-003  0.11099238098079667     
 i,j,dist,desurfi,tempsum4           2          29   4.8364495265988863        1.2002766047530037E-003  0.67417359732394999     
 i,j,dist,desurfi,tempsum4           2          30   4.9715741017051602        4.2160476149096645E-003   1.6550611841648948     
 i,j,dist,desurfi,tempsum4           2          31   5.8900273268221515        5.5321560875397629E-004   3.2905297232336927E-002
 i,j,dist,desurfi,tempsum4           5           6   1.2311052438930852        1.8991545052665251E-003   1.7140740672108288     
 i,j,dist,desurfi,tempsum4           5           7   1.3360853681941167        4.3737650474325967E-004  0.56747323879825329     
 i,j,dist,desurfi,tempsum4           5           9   2.5052167403919268        1.5927290315947992E-004  0.37225303423743172     
 i,j,dist,desurfi,tempsum4           5          11   3.2422992469562422        1.2452773885538540E-003   1.2848388718801265     
 i,j,dist,desurfi,tempsum4           5          14   4.6125421905889041        9.5663061353480194E-004  0.57855734198532671     
 i,j,dist,desurfi,tempsum4           5          17   5.6026287149213747        6.6755952429776403E-004  0.15374602990006903     
 i,j,dist,desurfi,tempsum4           5          29   3.7258124894232614        2.4520406894399874E-004  0.23311792997562164     
 i,j,dist,desurfi,tempsum4           5          30   4.1596955032414673        9.1302935173404086E-004  0.61529616827283506     
 i,j,dist,desurfi,tempsum4           5          31   4.6888089524961210        2.9946725509014924E-004  0.16925396771692447     
 i,j,dist,desurfi,tempsum4           5          33   6.0174802621886503        4.6198027612243727E-004   3.2756827230667973E-002
 i,j,dist,desurfi,tempsum4           6           7   2.2617067434500506        1.5344265047398111E-003   1.8413916229312708     
 i,j,dist,desurfi,tempsum4           6           9   2.8857384265255477        7.9407524195374848E-004   1.3105054697102436     
 i,j,dist,desurfi,tempsum4           6          11   3.4295574033116636        4.9260714066965269E-003   4.2277742057264405     
 i,j,dist,desurfi,tempsum4           6          14   4.5618426361982225        3.6783924082743622E-003   1.9043655161233950     
 i,j,dist,desurfi,tempsum4           6          17   5.4807262819004574        2.3292613140053716E-003  0.44423670733066345     
 i,j,dist,desurfi,tempsum4           6          29   4.2903654885182902        8.8466899157274462E-004  0.55621194444758748     
 i,j,dist,desurfi,tempsum4           6          30   4.9792320395665577        2.3356131451465721E-003  0.67263334674898800     
 i,j,dist,desurfi,tempsum4           6          31   5.0302666882749953        9.5715782171656354E-004  0.29429331553462967     
 i,j,dist,desurfi,tempsum4           7           9   1.4758306074208447        8.5686231825551776E-005  0.51921544929500796     
 i,j,dist,desurfi,tempsum4           7          11   2.4574658570231693        1.7165149447409807E-003   2.1597535550845626     
 i,j,dist,desurfi,tempsum4           7          14   3.8453018197142943        1.5103591243261437E-003   1.3297573440679078     
 i,j,dist,desurfi,tempsum4           7          17   4.9786899520586161        1.5084971942210027E-003  0.66816998914087122     
 i,j,dist,desurfi,tempsum4           7          29   2.4773377682163034        3.3841324255953320E-004  0.47181205457987430     
 i,j,dist,desurfi,tempsum4           7          30   2.8325227128231516        1.4322961753993686E-003   1.5859082563735953     
 i,j,dist,desurfi,tempsum4           7          31   3.5864909411157999        4.0425350069340593E-004  0.48952897646756777     
 i,j,dist,desurfi,tempsum4           7          33   4.8619451132181268        1.6140668232759088E-003   1.2926734727447302     
 i,j,dist,desurfi,tempsum4           9          11   1.5435111314486019        9.9855497910788160E-004   1.9147297027818482     
 i,j,dist,desurfi,tempsum4           9          14   2.5746795437722971        9.0070871041647072E-004   1.6812864458021988     
 i,j,dist,desurfi,tempsum4           9          17   3.9215665186528761        1.0119065333060759E-003   1.4994943329378021     
 i,j,dist,desurfi,tempsum4           9          20   5.0625850505797256        3.9141112443338670E-004  0.24801382900130570     
 i,j,dist,desurfi,tempsum4           9          29   1.5343324503458304        1.6644142808155450E-004  0.40937342982279357     
 i,j,dist,desurfi,tempsum4           9          30   2.4027493442876735        7.7500662449130270E-004   1.4294855221861282     
 i,j,dist,desurfi,tempsum4           9          31   2.4520820743425586        9.8406420868702471E-005  0.49869304151901889     
 i,j,dist,desurfi,tempsum4           9          33   3.8530676170573015        4.1752840156880277E-006   1.5305444541039457     
 i,j,dist,desurfi,tempsum4          11          14   1.5377753455393617        9.5113322907575126E-003   9.2954874191627397     
 i,j,dist,desurfi,tempsum4          11          17   2.5275954492256054        7.2755681234064574E-003   8.5084672909148544     
 i,j,dist,desurfi,tempsum4          11          20   3.8434629933452311        1.5106074691011919E-003   1.3310285149906611     
 i,j,dist,desurfi,tempsum4          11          22   5.0133552542591717        1.7459366982160239E-003  0.78439863082528305     
 i,j,dist,desurfi,tempsum4          11          23   5.3661516916298151        4.9721373735256164E-003   1.3069711591030462     
 i,j,dist,desurfi,tempsum4          11          29   2.5480765816631852        1.4063480329675217E-003   1.6000685366969636     
 i,j,dist,desurfi,tempsum4          11          30   3.1706898280939826        5.1817306652241412E-003   4.7415054670713719     
 i,j,dist,desurfi,tempsum4          11          31   3.3876332115531707        1.5663192861116774E-003   1.6328834458626420     
 i,j,dist,desurfi,tempsum4          11          33   4.6947134473040739        4.8922989736879434E-003   3.5005130074451341     
 i,j,dist,desurfi,tempsum4          14          17   1.5341245148118356        9.6791072746335739E-003   10.470171245176321     
 i,j,dist,desurfi,tempsum4          14          20   2.4894303659015717        1.7088850762116061E-003   2.1436335561584903     
 i,j,dist,desurfi,tempsum4          14          22   3.7659921367958407        2.4821965348168816E-003   2.1782838911282880     
 i,j,dist,desurfi,tempsum4          14          23   4.3954906467559374        7.3212539126105581E-003   4.8987480941556854     
 i,j,dist,desurfi,tempsum4          14          26   4.7397609035929387        6.8205367993869649E-003   3.5718641906537378     
 i,j,dist,desurfi,tempsum4          14          29   3.1067388181958004        1.2724463813019843E-003   1.3493210138488916     
 i,j,dist,desurfi,tempsum4          14          30   3.8880393977186452        4.4747626792889898E-003   3.2896371530330395     
 i,j,dist,desurfi,tempsum4          14          31   3.4047323271889494        1.5643005343316230E-003   1.6220619972171302     
 i,j,dist,desurfi,tempsum4          14          33   4.5465738555926505        4.8777050602360934E-003   3.8987507113250004     
 i,j,dist,desurfi,tempsum4          17          20   1.4762504162172916        2.0518950360552644E-003   2.9342493947712827     
 i,j,dist,desurfi,tempsum4          17          22   2.5006987445788718        3.2781638045914180E-003   4.0047107786769027     
 i,j,dist,desurfi,tempsum4          17          23   2.9055053427698656        8.4773811560713216E-003   11.804248902362072     
 i,j,dist,desurfi,tempsum4          17          26   3.6728857063670870        8.5800459845982203E-003   9.2460807954384023     
 i,j,dist,desurfi,tempsum4          17          29   4.5184285942807456        1.1491771975702073E-003  0.77296719545717218     
 i,j,dist,desurfi,tempsum4          17          30   5.1070965854782573        3.3800792139727937E-003   1.1227885224990501     
 i,j,dist,desurfi,tempsum4          17          31   4.8819977637058534        1.5489443336599291E-003  0.75496440135484555     
 i,j,dist,desurfi,tempsum4          17          33   5.9074356039609457        3.8185980591847624E-003  0.45211783281762941     
 i,j,dist,desurfi,tempsum4          20          22   1.3217042125217304        1.0066696828493367E-003   1.2278361147980439     
 i,j,dist,desurfi,tempsum4          20          23   2.3020699549596029        1.7513917619794558E-003   3.4097886572378791     
 i,j,dist,desurfi,tempsum4          20          26   2.2734422638147618        1.7501732567574541E-003   3.4234389835188974     
 i,j,dist,desurfi,tempsum4          20          29   5.4441620230589685        2.0995703568149566E-004   4.9405752702983197E-002
 i,j,dist,desurfi,tempsum4          20          31   5.4932304536775325        3.1802442421055240E-004   5.0218896540723978E-002
 i,j,dist,desurfi,tempsum4          22          23   1.3026033231781140        5.0682108940319284E-003   6.3368114908495672     
 i,j,dist,desurfi,tempsum4          22          26   1.3001172458992756        5.0739955983002145E-003   6.3387646385247214     
 i,j,dist,desurfi,tempsum4          23          26   2.2208024908668778        8.5495235347100539E-003   17.833734658143854     
 i,j,dist,desurfi,tempsum4          29          30   1.2338844096976813        1.8960640236816166E-003   1.7133002708930976     
 i,j,dist,desurfi,tempsum4          29          31   1.3364342169281915        4.3731069758633950E-004  0.56744896869979877     
 i,j,dist,desurfi,tempsum4          29          33   2.4836227998610494        7.6127265933584711E-004   1.7129419573114313     
 i,j,dist,desurfi,tempsum4          30          31   2.2569546324095202        1.5355951322332979E-003   1.8433536198267806     
 i,j,dist,desurfi,tempsum4          30          33   2.8468564243602521        3.7324219723466308E-003   6.0408737313481451     
 i,j,dist,desurfi,tempsum4          31          33   1.4639026211178712        4.4766199859471069E-004   2.4027161886985944     

 NSTEP =        1   TIME(PS) =       0.001  TEMP(K) =   276.00  PRESS =     0.0
 Etot   =      -207.7766  EKtot   =        22.4868  EPtot      =      -230.2634
 BOND   =         2.2352  ANGLE   =         1.8817  DIHED      =         2.8655
 1-4 NB =         3.6681  1-4 EEL =      -228.2823  VDWAALS    =        -3.1860
 EELEC  =        68.6581  EGB     =       -82.9926  RESTRAINT  =         0.0000
 ESURF=         4.8888
 ------------------------------------------------------------------------------


      A V E R A G E S   O V E R       1 S T E P S


 NSTEP =        1   TIME(PS) =       0.001  TEMP(K) =   276.00  PRESS =     0.0
 Etot   =      -207.7766  EKtot   =        22.4868  EPtot      =      -230.2634
 BOND   =         2.2352  ANGLE   =         1.8817  DIHED      =         2.8655
 1-4 NB =         3.6681  1-4 EEL =      -228.2823  VDWAALS    =        -3.1860
 EELEC  =        68.6581  EGB     =       -82.9926  RESTRAINT  =         0.0000
 ESURF=         4.8888
 ------------------------------------------------------------------------------


      R M S  F L U C T U A T I O N S


 NSTEP =        1   TIME(PS) =       0.001  TEMP(K) =     0.00  PRESS =     0.0
 Etot   =         0.0000  EKtot   =         0.0000  EPtot      =         0.0000
 BOND   =         0.0000  ANGLE   =         0.0000  DIHED      =         0.0000
 1-4 NB =         0.0000  1-4 EEL =         0.0000  VDWAALS    =         0.0000
 EELEC  =         0.0000  EGB     =         0.0000  RESTRAINT  =         0.0000
 ESURF=         0.0000
 ------------------------------------------------------------------------------

--------------------------------------------------------------------------------
   5.  TIMINGS
--------------------------------------------------------------------------------

|  NonSetup CPU Time in Major Routines:
|
|     Routine           Sec        %
|     ------------------------------
|     Nonbond           0.00   35.35
|     Bond              0.00    0.15
|     Angle             0.00    1.20
|     Dihedral          0.00    2.63
|     Shake             0.00    0.15
|     RunMD             0.00   59.65
|     Other             0.00    0.87
|     ------------------------------
|     Total             0.00

|  Generalized Born CPU Time:
|
|     Routine                 Sec        %
|     ------------------------------------
|     Radii Calc              0.00    4.85
|     Diagonal Calc           0.00    6.51
|     Off Diagonal Calc       0.00   23.47
|     GBSA LCPO Calc          0.00    0.04
|     ---------------------------------
|     Total                   0.00   34.83

|  Final Performance Info:
|     -----------------------------------------------------
|     Average timings for last       1 steps:
|     Elapsed(s) =       0.11 Per Step(ms) =     113.34
|         ns/day =       0.76   seconds/ns =  113343.02
|
|     Average timings for all steps:
|     Elapsed(s) =       0.11 Per Step(ms) =     113.34
|         ns/day =       0.76   seconds/ns =  113343.02
|     -----------------------------------------------------

|  Setup CPU time:            0.00 seconds
|  NonSetup CPU time:         0.00 seconds
|  Total CPU time:            0.01 seconds     0.00 hours

|  Setup wall time:           0    seconds
|  NonSetup wall time:        0    seconds
|  Total wall time:           0    seconds     0.00 hours
