
          -------------------------------------------------------
          Amber 16 PMEMD                              2016
          -------------------------------------------------------

| PMEMD implementation of SANDER, Release 16

| Run on 08/05/2019 at 09:38:21

|   Executable path: /mnt/raidc2/kbelfon/amber_git19/amber/bin/pmemd
| Working directory: /mnt/raidc2/ywang/hackathon/testset/ff14SBonlysc/03.md/git_3
|          Hostname: Unknown
  [-O]verwriting output

File Assignments:
|   MDIN: md.in                                                                 
|  MDOUT: md.out                                                                
| INPCRD: ../../02.min/min.rst                                                  
|   PARM: ../../01.leap/ARGdipeptide.top                                        
| RESTRT: md.rst                                                                
|   REFC: refc                                                                  
|  MDVEL: mdvel                                                                 
|   MDEN: mden                                                                  
|  MDCRD: md.x                                                                  
| MDINFO: mdinfo                                                                
|  MDFRC: mdfrc                                                                 


 Here is the input file:

md.in                                                                          
&cntrl                                                                         
       imin = 0, nstlim = 5, dt = 0.001,                                       
       ntx = 1, irest = 0, ig = 123456,                                        
       ntt=1, tempi = 300.0, temp0=300.0,                                      
       ntwx = 1, ntwe = 1, ntwr = 1, ntpr = 1,                                 
       cut = 9999.0,                                                           
       ntb = 0,                                                                
       igb = 8, gbsa = 3, surften = 0.0042,                                    
       ioutfm = 1,                                                             
       ntr = 0,                                                                
/                                                                              
                                                                               


| irandom = 1, using AMBER's internal random number generator (default).
 
| Conditional Compilation Defines Used:
| PUBFFT
| BINTRAJ
| EMIL

| New format PARM file being parsed.
| Version =    1.000 Date = 08/02/19 Time = 12:25:36

| Note: 1-4 EEL scale factors are being read from the topology file.

| Note: 1-4 VDW scale factors are being read from the topology file.
| INFO:    Reading atomic numbers from topology file.
| Duplicated    0 dihedrals

| Duplicated    0 dihedrals

--------------------------------------------------------------------------------
   1.  RESOURCE   USE: 
--------------------------------------------------------------------------------

 NATOM  =      36 NTYPES =       7 NBONH =      20 MBONA  =      15
 NTHETH =      42 MTHETA =      18 NPHIH =      85 MPHIA  =      37
 NHPARM =       0 NPARM  =       0 NNB   =     174 NRES   =       3
 NBONA  =      15 NTHETA =      18 NPHIA =      37 NUMBND =      17
 NUMANG =      34 NPTRA  =      27 NATYP =      11 NPHB   =       0
 IFBOX  =       0 NMXRS  =      24 IFCAP =       0 NEXTRA =       0
 NCOPY  =       0

 Implicit solvent radii are ArgH and AspGluO modified Bondi2 radii (mbondi3)                                
 Replacing prmtop screening parameters with GBn2 (igb=8) values
--------------------------------------------------------------------------------
   2.  CONTROL  DATA  FOR  THE  RUN
--------------------------------------------------------------------------------

ACE                                                                             

General flags:
     imin    =       0, nmropt  =       0

Nature and format of input:
     ntx     =       1, irest   =       0, ntrx    =       1

Nature and format of output:
     ntxo    =       2, ntpr    =       1, ntrx    =       1, ntwr    =       1
     iwrap   =       0, ntwx    =       1, ntwv    =       0, ntwe    =       1
     ioutfm  =       1, ntwprt  =       0, idecomp =       0, rbornstat=      0

Potential function:
     ntf     =       1, ntb     =       0, igb     =       8, nsnb    =      25
     ipol    =       0, gbsa    =       3, iesp    =       0
     dielc   =   1.00000, cut     =9999.00000, intdiel =   1.00000
     saltcon =   0.00000, offset  =   0.19514, surften =   0.00420
     rdt     =   0.00000, rgbmax  =  25.00000  extdiel =  78.50000
     alpb  =        0
     gbalphaH  =   0.78844, gbbetaH   =   0.79870,  gbgammaH  =    0.43733
     gbalphaC  =   0.73376, gbbetaC   =   0.50638,  gbgammaC  =    0.20584
     gbalphaN  =   0.50336, gbbetaN   =   0.31683,  gbgammaN  =    0.19292
     gbalphaOS =   0.86781, gbbetaOS  =   0.87664,  gbgammaOS =    0.38788
     gbalphaP  =   1.00000, gbbetaP   =   0.80000,  gbgammaP  =    4.85000
     gb_alpha_hnu  =   0.53705, gb_beta_hnu   =   0.36286,  gb_gamma_hnu  =    0.11670
     gb_alpha_cnu  =   0.33167, gb_beta_cnu   =   0.19684,  gb_gamma_cnu  =    0.09342
     gb_alpha_nnu  =   0.68631, gb_beta_nnu   =   0.46319,  gb_gamma_nnu  =    0.13872
     gb_alpha_onu  =   0.60634, gb_beta_onu   =   0.46301,  gb_gamma_onu  =    0.14226
     gb_alpha_pnu  =   0.41836, gb_beta_pnu   =   0.29005,  gb_gamma_pnu  =    0.10642

Frozen or restrained atoms:
     ibelly  =       0, ntr     =       0

Molecular dynamics:
     nstlim  =         5, nscm    =      1000, nrespa  =         1
     t       =   0.00000, dt      =   0.00100, vlimit  =  20.00000

Berendsen (weak-coupling) temperature regulation:
     temp0   = 300.00000, tempi   = 300.00000, tautp   =   1.00000

| Intermolecular bonds treatment:
|     no_intermolecular_bonds =       1

| Energy averages sample interval:
|     ene_avg_sampling =       1

--------------------------------------------------------------------------------
   3.  ATOMIC COORDINATES AND VELOCITIES
--------------------------------------------------------------------------------

ACE                                                                             
 begin time read from input coords =     0.000 ps

 
 Number of triangulated 3-point waters found:        0
| Dynamic Memory, Types Used:
| Reals                1446
| Integers             3307

--------------------------------------------------------------------------------
   4.  RESULTS
--------------------------------------------------------------------------------


 NSTEP =        0   TIME(PS) =       0.000  TEMP(K) =   271.30  PRESS =     0.0
 Etot   =      -198.2567  EKtot   =        27.4950  EPtot      =      -225.7517
 BOND   =         2.2640  ANGLE   =         1.9809  DIHED      =         9.3097
 1-4 NB =         3.6952  1-4 EEL =      -228.1303  VDWAALS    =        -3.1079
 EELEC  =        68.9443  EGB     =       -83.6441  RESTRAINT  =         0.0000
 ESURF=         2.9365
 ------------------------------------------------------------------------------


 NSTEP =        1   TIME(PS) =       0.001  TEMP(K) =   271.30  PRESS =     0.0
 Etot   =      -198.2567  EKtot   =        27.4950  EPtot      =      -225.7517
 BOND   =         2.2640  ANGLE   =         1.9809  DIHED      =         9.3097
 1-4 NB =         3.6952  1-4 EEL =      -228.1303  VDWAALS    =        -3.1079
 EELEC  =        68.9443  EGB     =       -83.6441  RESTRAINT  =         0.0000
 ESURF=         2.9365
 ------------------------------------------------------------------------------


 NSTEP =        2   TIME(PS) =       0.002  TEMP(K) =   244.69  PRESS =     0.0
 Etot   =      -198.0606  EKtot   =        24.7989  EPtot      =      -222.8595
 BOND   =         4.0507  ANGLE   =         2.7168  DIHED      =         9.3353
 1-4 NB =         3.7316  1-4 EEL =      -227.5848  VDWAALS    =        -3.1153
 EELEC  =        68.7768  EGB     =       -83.7076  RESTRAINT  =         0.0000
 ESURF=         2.9372
 ------------------------------------------------------------------------------


 NSTEP =        3   TIME(PS) =       0.003  TEMP(K) =   190.63  PRESS =     0.0
 Etot   =      -197.7009  EKtot   =        19.3199  EPtot      =      -217.0207
 BOND   =         7.9333  ANGLE   =         4.2874  DIHED      =         9.3896
 1-4 NB =         3.7689  1-4 EEL =      -227.0404  VDWAALS    =        -3.1175
 EELEC  =        68.6055  EGB     =       -83.7856  RESTRAINT  =         0.0000
 ESURF=         2.9379
 ------------------------------------------------------------------------------


 NSTEP =        4   TIME(PS) =       0.004  TEMP(K) =   156.98  PRESS =     0.0
 Etot   =      -197.5715  EKtot   =        15.9091  EPtot      =      -213.4806
 BOND   =         9.1191  ANGLE   =         6.2518  DIHED      =         9.4683
 1-4 NB =         3.7847  1-4 EEL =      -226.4971  VDWAALS    =        -3.1124
 EELEC  =        68.4202  EGB     =       -83.8536  RESTRAINT  =         0.0000
 ESURF=         2.9385
 ------------------------------------------------------------------------------


 NSTEP =        5   TIME(PS) =       0.005  TEMP(K) =   160.69  PRESS =     0.0
 Etot   =      -197.7721  EKtot   =        16.2854  EPtot      =      -214.0575
 BOND   =         6.3321  ANGLE   =         8.0787  DIHED      =         9.5658
 1-4 NB =         3.7677  1-4 EEL =      -225.9551  VDWAALS    =        -3.0996
 EELEC  =        68.2002  EGB     =       -83.8863  RESTRAINT  =         0.0000
 ESURF=         2.9389
 ------------------------------------------------------------------------------


      A V E R A G E S   O V E R       5 S T E P S


 NSTEP =        5   TIME(PS) =       0.005  TEMP(K) =   204.86  PRESS =     0.0
 Etot   =      -197.8724  EKtot   =        20.7616  EPtot      =      -218.6340
 BOND   =         5.9398  ANGLE   =         4.6631  DIHED      =         9.4137
 1-4 NB =         3.7496  1-4 EEL =      -227.0415  VDWAALS    =        -3.1105
 EELEC  =        68.5894  EGB     =       -83.7755  RESTRAINT  =         0.0000
 ESURF=         2.9378
 ------------------------------------------------------------------------------


      R M S  F L U C T U A T I O N S


 NSTEP =        5   TIME(PS) =       0.005  TEMP(K) =    45.71  PRESS =     0.0
 Etot   =         0.2502  EKtot   =         4.6325  EPtot      =         4.8708
 BOND   =         2.5027  ANGLE   =         2.2500  DIHED      =         0.0934
 1-4 NB =         0.0323  1-4 EEL =         0.7691  VDWAALS    =         0.0064
 EELEC  =         0.2613  EGB     =         0.0898  RESTRAINT  =         0.0000
 ESURF=         0.0009
 ------------------------------------------------------------------------------

--------------------------------------------------------------------------------
   5.  TIMINGS
--------------------------------------------------------------------------------

|  NonSetup CPU Time in Major Routines:
|
|     Routine           Sec        %
|     ------------------------------
|     Nonbond           0.00   32.53
|     Bond              0.00    0.30
|     Angle             0.00    1.50
|     Dihedral          0.00    5.25
|     Shake             0.00    0.00
|     RunMD             0.00   59.91
|     Other             0.00    0.50
|     ------------------------------
|     Total             0.01

|  Generalized Born CPU Time:
|
|     Routine                 Sec        %
|     ------------------------------------
|     Radii Calc              0.00    9.98
|     Diagonal Calc           0.00   13.51
|     Off Diagonal Calc       0.00    8.15
|     GBSA LCPO Calc          0.00    0.13
|     ---------------------------------
|     Total                   0.00   31.63

|  Final Performance Info:
|     -----------------------------------------------------
|     Average timings for last       5 steps:
|     Elapsed(s) =       0.16 Per Step(ms) =      32.58
|         ns/day =       2.65   seconds/ns =   32583.79
|
|     Average timings for all steps:
|     Elapsed(s) =       0.16 Per Step(ms) =      32.58
|         ns/day =       2.65   seconds/ns =   32583.79
|     -----------------------------------------------------

|  Setup CPU time:            0.01 seconds
|  NonSetup CPU time:         0.01 seconds
|  Total CPU time:            0.01 seconds     0.00 hours

|  Setup wall time:           1    seconds
|  NonSetup wall time:        0    seconds
|  Total wall time:           1    seconds     0.00 hours
