
          -------------------------------------------------------
          Amber 16 PMEMD                              2014
          -------------------------------------------------------

| PMEMD implementation of SANDER, Release 16

| Run on 08/01/2019 at 22:13:09

|   Executable path: /cavern/ctian/amber16testGBSAfinal_compilcuda8.0_original_withCMAP/bin/pmemd
| Working directory: /home/ywang/testset/03.md/16_gbsa_3
|          Hostname: laufer4

  [-O]verwriting output

File Assignments:
|   MDIN: md.in                                                                 
|  MDOUT: md.out                                                                
| INPCRD: ../../02.min/min.rst                                                  
|   PARM: ../../01.leap/ARGdipeptide.top                                        
| RESTRT: md.rst                                                                
|   REFC: refc                                                                  
|  MDVEL: mdvel                                                                 
|   MDEN: mden                                                                  
|  MDCRD: md.x                                                                  
| MDINFO: mdinfo                                                                
|  MDFRC: mdfrc                                                                 


 Here is the input file:

md.in                                                                          
&cntrl                                                                         
       imin = 0, nstlim = 5, dt = 0.004,                                       
       ntx = 1, irest = 0, ig = 123456,                                        
       ntt=3, tempi = 300.0, temp0 = 300.0, gamma_ln=1.0,                      
       ntc = 2, ntf = 2,                                                       
       ntwx = 1, ntwe = 1, ntwr = 1, ntpr = 1,                                 
       cut = 9999.0,                                                           
       ntb = 0,                                                                
       igb = 8, gbsa = 3, surften = 0.0042,                                    
       ioutfm = 1,                                                             
       ntr = 0,  nscm = 1000,                                                  
/                                                                              
                                                                               


 
| Conditional Compilation Defines Used:
| PUBFFT
| BINTRAJ
| EMIL

| New format PARM file being parsed.
| Version =    1.000 Date = 08/01/19 Time = 15:52:40

| Note: 1-4 EEL scale factors are being read from the topology file.

| Note: 1-4 VDW scale factors are being read from the topology file.
| INFO:    Reading atomic numbers from topology file.
| Duplicated    0 dihedrals

| Duplicated    0 dihedrals

--------------------------------------------------------------------------------
   1.  RESOURCE   USE: 
--------------------------------------------------------------------------------

 NATOM  =      36 NTYPES =       7 NBONH =      20 MBONA  =      15
 NTHETH =      42 MTHETA =      18 NPHIH =      85 MPHIA  =      37
 NHPARM =       0 NPARM  =       0 NNB   =     174 NRES   =       3
 NBONA  =      15 NTHETA =      18 NPHIA =      37 NUMBND =      17
 NUMANG =      34 NPTRA  =      21 NATYP =      11 NPHB   =       0
 IFBOX  =       0 NMXRS  =      24 IFCAP =       0 NEXTRA =       0
 NCOPY  =       0

 Implicit solvent radii are ArgH and AspGluO modified Bondi2 radii (mbondi3)                                
 Replacing prmtop screening parameters with GBn2 (igb=8) values
|CHARMM: Reticulating splines.

--------------------------------------------------------------------------------
   2.  CONTROL  DATA  FOR  THE  RUN
--------------------------------------------------------------------------------

ACE                                                                             

General flags:
     imin    =       0, nmropt  =       0

Nature and format of input:
     ntx     =       1, irest   =       0, ntrx    =       1

Nature and format of output:
     ntxo    =       2, ntpr    =       1, ntrx    =       1, ntwr    =       1
     iwrap   =       0, ntwx    =       1, ntwv    =       0, ntwe    =       1
     ioutfm  =       1, ntwprt  =       0, idecomp =       0, rbornstat=      0

Potential function:
     ntf     =       2, ntb     =       0, igb     =       8, nsnb    =      25
     ipol    =       0, gbsa    =       3, iesp    =       0
     dielc   =   1.00000, cut     =9999.00000, intdiel =   1.00000
     saltcon =   0.00000, offset  =   0.19514, surften =   0.00420
     rdt     =   0.00000, rgbmax  =  25.00000  extdiel =  78.50000
     alpb  =        0
     gbalphaH  =   0.78844, gbbetaH   =   0.79870,  gbgammaH  =    0.43733
     gbalphaC  =   0.73376, gbbetaC   =   0.50638,  gbgammaC  =    0.20584
     gbalphaN  =   0.50336, gbbetaN   =   0.31683,  gbgammaN  =    0.19292
     gbalphaOS =   0.86781, gbbetaOS  =   0.87664,  gbgammaOS =    0.38788
     gbalphaP  =   1.00000, gbbetaP   =   0.80000,  gbgammaP  =    4.85000
     gb_alpha_hnu  =   0.53705, gb_beta_hnu   =   0.36286,  gb_gamma_hnu  =    0.11670
     gb_alpha_cnu  =   0.33167, gb_beta_cnu   =   0.19684,  gb_gamma_cnu  =    0.09342
     gb_alpha_nnu  =   0.68631, gb_beta_nnu   =   0.46319,  gb_gamma_nnu  =    0.13872
     gb_alpha_onu  =   0.60634, gb_beta_onu   =   0.46301,  gb_gamma_onu  =    0.14226
     gb_alpha_pnu  =   0.41836, gb_beta_pnu   =   0.29005,  gb_gamma_pnu  =    0.10642

Frozen or restrained atoms:
     ibelly  =       0, ntr     =       0

Molecular dynamics:
     nstlim  =         5, nscm    =      1000, nrespa  =         1
     t       =   0.00000, dt      =   0.00400, vlimit  =  20.00000

Langevin dynamics temperature regulation:
     ig      =  123456
     temp0   = 300.00000, tempi   = 300.00000, gamma_ln=   1.00000

SHAKE:
     ntc     =       2, jfastw  =       0
     tol     =   0.00001

| Intermolecular bonds treatment:
|     no_intermolecular_bonds =       1

| Energy averages sample interval:
|     ene_avg_sampling =       1

--------------------------------------------------------------------------------
   3.  ATOMIC COORDINATES AND VELOCITIES
--------------------------------------------------------------------------------

ACE                                                                             
 begin time read from input coords =     0.000 ps

 
 Number of triangulated 3-point waters found:        0
Pair parameters for GBSA
   1.00000000   0.00000000   1.40000000
   4.37011638  19.59248030   3.10000000
   1.00000000   0.00000000   1.40000000
   1.00000000   0.00000000   1.40000000
   5.99708166   0.73993618   3.10000000
   6.76485820  12.67063400   2.90000000
   3.29603051   0.91920216   2.95000000
   1.00000000   0.00000000   1.40000000
   0.10000000   0.32827743   3.10000000
   1.00000000   0.00000000   1.40000000
   7.24965924  18.79319780   3.10000000
   1.00000000   0.00000000   1.40000000
   1.00000000   0.00000000   1.40000000
   7.24965924  18.79319780   3.10000000
   1.00000000   0.00000000   1.40000000
   1.00000000   0.00000000   1.40000000
   5.49283775  19.21420350   3.10000000
   1.00000000   0.00000000   1.40000000
   1.00000000   0.00000000   1.40000000
   3.29603051   0.91920216   2.95000000
   1.00000000   0.00000000   1.40000000
   6.51644207   3.68184016   3.10000000
   3.00848540  23.51197660   2.95000000
   1.00000000   0.00000000   1.40000000
   1.00000000   0.00000000   1.40000000
   3.00848540  23.51197660   2.95000000
   1.00000000   0.00000000   1.40000000
   1.00000000   0.00000000   1.40000000
   5.99708166   0.73993618   3.10000000
   6.76485820  12.67063400   2.90000000
   3.29603051   0.91920216   2.95000000
   1.00000000   0.00000000   1.40000000
   0.31705364   7.14828051   3.10000000
   1.00000000   0.00000000   1.40000000
   1.00000000   0.00000000   1.40000000
   1.00000000   0.00000000   1.40000000
| Dynamic Memory, Types Used:
| Reals                3724
| Integers             3173

--------------------------------------------------------------------------------
   4.  RESULTS
--------------------------------------------------------------------------------


 NSTEP =        0   TIME(PS) =       0.000  TEMP(K) =   314.46  PRESS =     0.0
 Etot   =      -208.0431  EKtot   =        27.4950  EPtot      =      -235.5381
 BOND   =         2.2352  ANGLE   =         1.8817  DIHED      =         2.8655
 UB     =         0.0000  IMP     =         0.0000  CMAP       =        -0.3859
 1-4 NB =         3.6681  1-4 EEL =      -228.2823  VDWAALS    =        -3.1860
 EELEC  =        68.6581  EGB     =       -82.9926  RESTRAINT  =         0.0000
 ESURF=         0.0000
 ------------------------------------------------------------------------------


 NSTEP =        1   TIME(PS) =       0.004  TEMP(K) =   257.81  PRESS =     0.0
 Etot   =      -212.9957  EKtot   =        22.5424  EPtot      =      -235.5381
 BOND   =         2.2352  ANGLE   =         1.8817  DIHED      =         2.8655
 UB     =         0.0000  IMP     =         0.0000  CMAP       =        -0.3859
 1-4 NB =         3.6681  1-4 EEL =      -228.2823  VDWAALS    =        -3.1860
 EELEC  =        68.6581  EGB     =       -82.9926  RESTRAINT  =         0.0000
 ESURF=         0.0000
 ------------------------------------------------------------------------------


 NSTEP =        2   TIME(PS) =       0.008  TEMP(K) =   148.52  PRESS =     0.0
 Etot   =      -211.2971  EKtot   =        12.9858  EPtot      =      -224.2829
 BOND   =         3.3566  ANGLE   =        10.5784  DIHED      =         3.1248
 UB     =         0.0000  IMP     =         0.0000  CMAP       =        -0.3321
 1-4 NB =         3.7338  1-4 EEL =      -226.7260  VDWAALS    =        -3.1663
 EELEC  =        68.5935  EGB     =       -83.4455  RESTRAINT  =         0.0000
 ESURF=         0.0000
 ------------------------------------------------------------------------------


 NSTEP =        3   TIME(PS) =       0.012  TEMP(K) =   141.95  PRESS =     0.0
 Etot   =      -212.8733  EKtot   =        12.4115  EPtot      =      -225.2848
 BOND   =         2.6846  ANGLE   =         8.4983  DIHED      =         3.6737
 UB     =         0.0000  IMP     =         0.0000  CMAP       =        -0.2918
 1-4 NB =         3.7189  1-4 EEL =      -223.9346  VDWAALS    =        -3.0972
 EELEC  =        66.4189  EGB     =       -82.9555  RESTRAINT  =         0.0000
 ESURF=         0.0000
 ------------------------------------------------------------------------------


 NSTEP =        4   TIME(PS) =       0.016  TEMP(K) =   140.40  PRESS =     0.0
 Etot   =      -212.2401  EKtot   =        12.2758  EPtot      =      -224.5159
 BOND   =         5.3045  ANGLE   =         6.0507  DIHED      =         4.2871
 UB     =         0.0000  IMP     =         0.0000  CMAP       =        -0.2755
 1-4 NB =         3.6019  1-4 EEL =      -222.5269  VDWAALS    =        -3.0490
 EELEC  =        64.3880  EGB     =       -82.2967  RESTRAINT  =         0.0000
 ESURF=         0.0000
 ------------------------------------------------------------------------------


 NSTEP =        5   TIME(PS) =       0.020  TEMP(K) =   132.17  PRESS =     0.0
 Etot   =      -211.7473  EKtot   =        11.5563  EPtot      =      -223.3036
 BOND   =         5.5829  ANGLE   =         8.1592  DIHED      =         4.4165
 UB     =         0.0000  IMP     =         0.0000  CMAP       =        -0.2197
 1-4 NB =         3.5595  1-4 EEL =      -226.0992  VDWAALS    =        -3.0462
 EELEC  =        66.7937  EGB     =       -82.4502  RESTRAINT  =         0.0000
 ESURF=         0.0000
 ------------------------------------------------------------------------------


      A V E R A G E S   O V E R       5 S T E P S


 NSTEP =        5   TIME(PS) =       0.020  TEMP(K) =   164.17  PRESS =     0.0
 Etot   =      -212.2307  EKtot   =        14.3543  EPtot      =      -226.5851
 BOND   =         3.8328  ANGLE   =         7.0337  DIHED      =         3.6735
 UB     =         0.0000  IMP     =         0.0000  CMAP       =        -0.3010
 1-4 NB =         3.6564  1-4 EEL =      -225.5138  VDWAALS    =        -3.1089
 EELEC  =        66.9704  EGB     =       -82.8281  RESTRAINT  =         0.0000
 ESURF=         0.0000
 ------------------------------------------------------------------------------


      R M S  F L U C T U A T I O N S


 NSTEP =        5   TIME(PS) =       0.020  TEMP(K) =    47.11  PRESS =     0.0
 Etot   =         0.6486  EKtot   =         4.1193  EPtot      =         4.5210
 BOND   =         1.3657  ANGLE   =         2.9491  DIHED      =         0.6136
 UB     =         0.0000  IMP     =         0.0000  CMAP       =         0.0557
 1-4 NB =         0.0669  1-4 EEL =         2.0441  VDWAALS    =         0.0581
 EELEC  =         1.5803  EGB     =         0.4122  RESTRAINT  =         0.0000
 ESURF=         0.0000
 ------------------------------------------------------------------------------

--------------------------------------------------------------------------------
   5.  TIMINGS
--------------------------------------------------------------------------------

|  NonSetup CPU Time in Major Routines:
|
|     Routine           Sec        %
|     ------------------------------
|     Nonbond           0.00   29.12
|     Bond              0.00    0.11
|     Angle             0.00    1.25
|     Dihedral          0.00    6.07
|     Shake             0.00    0.46
|     RunMD             0.00   62.49
|     Other             0.00    0.49
|     ------------------------------
|     Total             0.01

|  Generalized Born CPU Time:
|
|     Routine                 Sec        %
|     ------------------------------------
|     Radii Calc              0.00   10.50
|     Diagonal Calc           0.00   12.02
|     Off Diagonal Calc       0.00    5.96
|     GBSA LCPO Calc          0.00    0.09
|     ---------------------------------
|     Total                   0.00   28.49

|  Final Performance Info:
|     -----------------------------------------------------
|     Average timings for last       5 steps:
|     Elapsed(s) =       0.01 Per Step(ms) =       2.76
|         ns/day =     125.43   seconds/ns =     688.84
|
|     Average timings for all steps:
|     Elapsed(s) =       0.01 Per Step(ms) =       2.76
|         ns/day =     125.43   seconds/ns =     688.84
|     -----------------------------------------------------

|  Setup CPU time:            0.01 seconds
|  NonSetup CPU time:         0.01 seconds
|  Total CPU time:            0.02 seconds     0.00 hours

|  Setup wall time:           0    seconds
|  NonSetup wall time:        0    seconds
|  Total wall time:           0    seconds     0.00 hours
