
          -------------------------------------------------------
          Amber 16 PMEMD                              2016
          -------------------------------------------------------

| PMEMD implementation of SANDER, Release 16

| Run on 09/18/2019 at 14:54:46

|   Executable path: /mnt/raidc2/kbelfon/amber_git19/amber/bin/pmemd
| Working directory: /mnt/raidc2/ywang/hackathon/GLY/ff19SB/03.md/git_3
|          Hostname: Unknown
  [-O]verwriting output

File Assignments:
|   MDIN: md.in                                                                 
|  MDOUT: md.out                                                                
| INPCRD: ../../02.min/min.rst                                                  
|   PARM: ../../01.leap/GLYdipeptide.top                                        
| RESTRT: md.rst                                                                
|   REFC: refc                                                                  
|  MDVEL: mdvel                                                                 
|   MDEN: mden                                                                  
|  MDCRD: md.x                                                                  
| MDINFO: mdinfo                                                                
|  MDFRC: mdfrc                                                                 


 Here is the input file:

md.in                                                                          
&cntrl                                                                         
       imin = 0, nstlim = 1, dt = 0.001,                                       
       ntx = 1, irest = 0, ig = 123456,                                        
       ntt = 1, tempi = 300.0, temp0 = 300.0,                                  
       ntc = 2, ntf = 2,                                                       
       ntwx = 1, ntwe = 1, ntwr = 1, ntpr = 1,                                 
       cut = 9999.0,                                                           
       ntb = 0,                                                                
       igb = 8, gbsa = 3, surften = 0.007,                                     
       ioutfm = 1,                                                             
       ntr = 0,  nscm = 1000,                                                  
/                                                                              
                                                                               


| irandom = 1, using AMBER's internal random number generator (default).
 
| Conditional Compilation Defines Used:
| PUBFFT
| BINTRAJ
| EMIL

| New format PARM file being parsed.
| Version =    1.000 Date = 09/18/19 Time = 14:53:02

| Note: 1-4 EEL scale factors are being read from the topology file.

| Note: 1-4 VDW scale factors are being read from the topology file.
| INFO:    Reading atomic numbers from topology file.
| Duplicated    0 dihedrals

| Duplicated    0 dihedrals

--------------------------------------------------------------------------------
   1.  RESOURCE   USE: 
--------------------------------------------------------------------------------

 NATOM  =      19 NTYPES =       7 NBONH =      10 MBONA  =       8
 NTHETH =      21 MTHETA =       9 NPHIH =      39 MPHIA  =      15
 NHPARM =       0 NPARM  =       0 NNB   =      81 NRES   =       3
 NBONA  =       8 NTHETA =       9 NPHIA =      15 NUMBND =      10
 NUMANG =      18 NPTRA  =      13 NATYP =       8 NPHB   =       0
 IFBOX  =       0 NMXRS  =       7 IFCAP =       0 NEXTRA =       0
 NCOPY  =       0

 Implicit solvent radii are ArgH and AspGluO modified Bondi2 radii (mbondi3)                                
 Replacing prmtop screening parameters with GBn2 (igb=8) values
|CHARMM: Reticulating splines.

--------------------------------------------------------------------------------
   2.  CONTROL  DATA  FOR  THE  RUN
--------------------------------------------------------------------------------

ACE                                                                             

General flags:
     imin    =       0, nmropt  =       0

Nature and format of input:
     ntx     =       1, irest   =       0, ntrx    =       1

Nature and format of output:
     ntxo    =       2, ntpr    =       1, ntrx    =       1, ntwr    =       1
     iwrap   =       0, ntwx    =       1, ntwv    =       0, ntwe    =       1
     ioutfm  =       1, ntwprt  =       0, idecomp =       0, rbornstat=      0

Potential function:
     ntf     =       2, ntb     =       0, igb     =       8, nsnb    =      25
     ipol    =       0, gbsa    =       3, iesp    =       0
     dielc   =   1.00000, cut     =9999.00000, intdiel =   1.00000
     saltcon =   0.00000, offset  =   0.19514, surften =   0.00700
     rdt     =   0.00000, rgbmax  =  25.00000  extdiel =  78.50000
     alpb  =        0
     gbalphaH  =   0.78844, gbbetaH   =   0.79870,  gbgammaH  =    0.43733
     gbalphaC  =   0.73376, gbbetaC   =   0.50638,  gbgammaC  =    0.20584
     gbalphaN  =   0.50336, gbbetaN   =   0.31683,  gbgammaN  =    0.19292
     gbalphaOS =   0.86781, gbbetaOS  =   0.87664,  gbgammaOS =    0.38788
     gbalphaP  =   1.00000, gbbetaP   =   0.80000,  gbgammaP  =    4.85000
     gb_alpha_hnu  =   0.53705, gb_beta_hnu   =   0.36286,  gb_gamma_hnu  =    0.11670
     gb_alpha_cnu  =   0.33167, gb_beta_cnu   =   0.19684,  gb_gamma_cnu  =    0.09342
     gb_alpha_nnu  =   0.68631, gb_beta_nnu   =   0.46319,  gb_gamma_nnu  =    0.13872
     gb_alpha_onu  =   0.60634, gb_beta_onu   =   0.46301,  gb_gamma_onu  =    0.14226
     gb_alpha_pnu  =   0.41836, gb_beta_pnu   =   0.29005,  gb_gamma_pnu  =    0.10642

Frozen or restrained atoms:
     ibelly  =       0, ntr     =       0

Molecular dynamics:
     nstlim  =         1, nscm    =      1000, nrespa  =         1
     t       =   0.00000, dt      =   0.00100, vlimit  =  20.00000

Berendsen (weak-coupling) temperature regulation:
     temp0   = 300.00000, tempi   = 300.00000, tautp   =   1.00000

SHAKE:
     ntc     =       2, jfastw  =       0
     tol     =   0.00001

| Intermolecular bonds treatment:
|     no_intermolecular_bonds =       1

| Energy averages sample interval:
|     ene_avg_sampling =       1

--------------------------------------------------------------------------------
   3.  ATOMIC COORDINATES AND VELOCITIES
--------------------------------------------------------------------------------

ACE                                                                             
 begin time read from input coords =     0.000 ps

 
 Number of triangulated 3-point waters found:        0
| Dynamic Memory, Types Used:
| Reals                3111
| Integers             1563

--------------------------------------------------------------------------------
   4.  RESULTS
--------------------------------------------------------------------------------


 NSTEP =        0   TIME(PS) =       0.000  TEMP(K) =   335.00  PRESS =     0.0
 Etot   =       -31.0442  EKtot   =        13.6468  EPtot      =       -44.6910
 BOND   =         0.3425  ANGLE   =         0.9047  DIHED      =         2.3974
 UB     =         0.0000  IMP     =         0.0000  CMAP       =         0.8237
 1-4 NB =         2.0912  1-4 EEL =        43.1437  VDWAALS    =        -0.7158
 EELEC  =       -80.5668  EGB     =       -17.1675  RESTRAINT  =         0.0000
 ESURF=         4.0558
 ------------------------------------------------------------------------------


 NSTEP =        1   TIME(PS) =       0.001  TEMP(K) =   283.86  PRESS =     0.0
 Etot   =       -33.1274  EKtot   =        11.5636  EPtot      =       -44.6910
 BOND   =         0.3425  ANGLE   =         0.9047  DIHED      =         2.3974
 UB     =         0.0000  IMP     =         0.0000  CMAP       =         0.8237
 1-4 NB =         2.0912  1-4 EEL =        43.1437  VDWAALS    =        -0.7158
 EELEC  =       -80.5668  EGB     =       -17.1675  RESTRAINT  =         0.0000
 ESURF=         4.0558
 ------------------------------------------------------------------------------


      A V E R A G E S   O V E R       1 S T E P S


 NSTEP =        1   TIME(PS) =       0.001  TEMP(K) =   283.86  PRESS =     0.0
 Etot   =       -33.1274  EKtot   =        11.5636  EPtot      =       -44.6910
 BOND   =         0.3425  ANGLE   =         0.9047  DIHED      =         2.3974
 UB     =         0.0000  IMP     =         0.0000  CMAP       =         0.8237
 1-4 NB =         2.0912  1-4 EEL =        43.1437  VDWAALS    =        -0.7158
 EELEC  =       -80.5668  EGB     =       -17.1675  RESTRAINT  =         0.0000
 ESURF=         4.0558
 ------------------------------------------------------------------------------


      R M S  F L U C T U A T I O N S


 NSTEP =        1   TIME(PS) =       0.001  TEMP(K) =     0.00  PRESS =     0.0
 Etot   =         0.0000  EKtot   =         0.0000  EPtot      =         0.0000
 BOND   =         0.0000  ANGLE   =         0.0000  DIHED      =         0.0000
 UB     =         0.0000  IMP     =         0.0000  CMAP       =         0.0000
 1-4 NB =         0.0000  1-4 EEL =         0.0000  VDWAALS    =         0.0000
 EELEC  =         0.0000  EGB     =         0.0000  RESTRAINT  =         0.0000
 ESURF=         0.0000
 ------------------------------------------------------------------------------

--------------------------------------------------------------------------------
   5.  TIMINGS
--------------------------------------------------------------------------------

|  NonSetup CPU Time in Major Routines:
|
|     Routine           Sec        %
|     ------------------------------
|     Nonbond           0.00   12.01
|     Bond              0.00    0.12
|     Angle             0.00    1.35
|     Dihedral          0.00    5.11
|     Shake             0.00    0.18
|     RunMD             0.00   80.17
|     Other             0.00    1.05
|     ------------------------------
|     Total             0.00

|  Generalized Born CPU Time:
|
|     Routine                 Sec        %
|     ------------------------------------
|     Radii Calc              0.00    3.63
|     Diagonal Calc           0.00    4.68
|     Off Diagonal Calc       0.00    2.89
|     GBSA LCPO Calc          0.00    0.12
|     ---------------------------------
|     Total                   0.00   11.21

|  Final Performance Info:
|     -----------------------------------------------------
|     Average timings for last       1 steps:
|     Elapsed(s) =       0.01 Per Step(ms) =      12.44
|         ns/day =       6.95   seconds/ns =   12437.99
|
|     Average timings for all steps:
|     Elapsed(s) =       0.01 Per Step(ms) =      12.44
|         ns/day =       6.95   seconds/ns =   12437.99
|     -----------------------------------------------------

|  Setup CPU time:            0.01 seconds
|  NonSetup CPU time:         0.00 seconds
|  Total CPU time:            0.01 seconds     0.00 hours

|  Setup wall time:           1    seconds
|  NonSetup wall time:        0    seconds
|  Total wall time:           1    seconds     0.00 hours
