
          -------------------------------------------------------
          Amber 16 PMEMD                              2014
          -------------------------------------------------------

| PMEMD implementation of SANDER, Release 16

| Run on 08/05/2019 at 09:54:22

|   Executable path: /cavern/ctian/amber16testGBSAfinal_compilcuda8.0_original_withCMAP/bin/pmemd
| Working directory: /home/ywang/testset/ff14SBonlysc/03.md/16_gbsa_4
|          Hostname: laufer4

  [-O]verwriting output

File Assignments:
|   MDIN: md.in                                                                 
|  MDOUT: md.out                                                                
| INPCRD: ../../02.min/min.rst                                                  
|   PARM: ../../01.leap/ARGdipeptide.top                                        
| RESTRT: md.rst                                                                
|   REFC: refc                                                                  
|  MDVEL: mdvel                                                                 
|   MDEN: mden                                                                  
|  MDCRD: md.x                                                                  
| MDINFO: mdinfo                                                                
|  MDFRC: mdfrc                                                                 


 Here is the input file:

md.in                                                                          
&cntrl                                                                         
       imin = 0, nstlim = 5, dt = 0.001,                                       
       ntx = 1, irest = 0, ig = 123456,                                        
       ntt=1, tempi = 300.0, temp0=300.0,                                      
       ntwx = 1, ntwe = 1, ntwr = 1, ntpr = 1,                                 
       cut = 9999.0,                                                           
       ntb = 0,                                                                
       igb = 8, gbsa = 4, surften = 0.0042,                                    
       ioutfm = 1,                                                             
       ntr = 0,                                                                
/                                                                              
                                                                               


 
| Conditional Compilation Defines Used:
| PUBFFT
| BINTRAJ
| EMIL

| New format PARM file being parsed.
| Version =    1.000 Date = 08/02/19 Time = 12:25:36

| Note: 1-4 EEL scale factors are being read from the topology file.

| Note: 1-4 VDW scale factors are being read from the topology file.
| INFO:    Reading atomic numbers from topology file.
| Duplicated    0 dihedrals

| Duplicated    0 dihedrals

--------------------------------------------------------------------------------
   1.  RESOURCE   USE: 
--------------------------------------------------------------------------------

 NATOM  =      36 NTYPES =       7 NBONH =      20 MBONA  =      15
 NTHETH =      42 MTHETA =      18 NPHIH =      85 MPHIA  =      37
 NHPARM =       0 NPARM  =       0 NNB   =     174 NRES   =       3
 NBONA  =      15 NTHETA =      18 NPHIA =      37 NUMBND =      17
 NUMANG =      34 NPTRA  =      27 NATYP =      11 NPHB   =       0
 IFBOX  =       0 NMXRS  =      24 IFCAP =       0 NEXTRA =       0
 NCOPY  =       0

 Implicit solvent radii are ArgH and AspGluO modified Bondi2 radii (mbondi3)                                
 Replacing prmtop screening parameters with GBn2 (igb=8) values
--------------------------------------------------------------------------------
   2.  CONTROL  DATA  FOR  THE  RUN
--------------------------------------------------------------------------------

ACE                                                                             

General flags:
     imin    =       0, nmropt  =       0

Nature and format of input:
     ntx     =       1, irest   =       0, ntrx    =       1

Nature and format of output:
     ntxo    =       2, ntpr    =       1, ntrx    =       1, ntwr    =       1
     iwrap   =       0, ntwx    =       1, ntwv    =       0, ntwe    =       1
     ioutfm  =       1, ntwprt  =       0, idecomp =       0, rbornstat=      0

Potential function:
     ntf     =       1, ntb     =       0, igb     =       8, nsnb    =      25
     ipol    =       0, gbsa    =       4, iesp    =       0
     dielc   =   1.00000, cut     =9999.00000, intdiel =   1.00000
     saltcon =   0.00000, offset  =   0.19514, surften =   0.00420
     rdt     =   0.00000, rgbmax  =  25.00000  extdiel =  78.50000
     alpb  =        0
     gbalphaH  =   0.78844, gbbetaH   =   0.79870,  gbgammaH  =    0.43733
     gbalphaC  =   0.73376, gbbetaC   =   0.50638,  gbgammaC  =    0.20584
     gbalphaN  =   0.50336, gbbetaN   =   0.31683,  gbgammaN  =    0.19292
     gbalphaOS =   0.86781, gbbetaOS  =   0.87664,  gbgammaOS =    0.38788
     gbalphaP  =   1.00000, gbbetaP   =   0.80000,  gbgammaP  =    4.85000
     gb_alpha_hnu  =   0.53705, gb_beta_hnu   =   0.36286,  gb_gamma_hnu  =    0.11670
     gb_alpha_cnu  =   0.33167, gb_beta_cnu   =   0.19684,  gb_gamma_cnu  =    0.09342
     gb_alpha_nnu  =   0.68631, gb_beta_nnu   =   0.46319,  gb_gamma_nnu  =    0.13872
     gb_alpha_onu  =   0.60634, gb_beta_onu   =   0.46301,  gb_gamma_onu  =    0.14226
     gb_alpha_pnu  =   0.41836, gb_beta_pnu   =   0.29005,  gb_gamma_pnu  =    0.10642

Frozen or restrained atoms:
     ibelly  =       0, ntr     =       0

Molecular dynamics:
     nstlim  =         5, nscm    =      1000, nrespa  =         1
     t       =   0.00000, dt      =   0.00100, vlimit  =  20.00000

Berendsen (weak-coupling) temperature regulation:
     temp0   = 300.00000, tempi   = 300.00000, tautp   =   1.00000

| Intermolecular bonds treatment:
|     no_intermolecular_bonds =       1

| Energy averages sample interval:
|     ene_avg_sampling =       1

--------------------------------------------------------------------------------
   3.  ATOMIC COORDINATES AND VELOCITIES
--------------------------------------------------------------------------------

ACE                                                                             
 begin time read from input coords =     0.000 ps

 
 Number of triangulated 3-point waters found:        0
Pair parameters for GBSA
   1.00000000   0.00000000   1.40000000
   4.37011638  19.59248030   3.10000000
   1.00000000   0.00000000   1.40000000
   1.00000000   0.00000000   1.40000000
   5.99708166   0.73993618   3.10000000
   6.76485820  12.67063400   2.90000000
   3.29603051   0.91920216   2.95000000
   1.00000000   0.00000000   1.40000000
   0.10000000   0.32827743   3.10000000
   1.00000000   0.00000000   1.40000000
   7.24965924  18.79319780   3.10000000
   1.00000000   0.00000000   1.40000000
   1.00000000   0.00000000   1.40000000
   7.24965924  18.79319780   3.10000000
   1.00000000   0.00000000   1.40000000
   1.00000000   0.00000000   1.40000000
   5.49283775  19.21420350   3.10000000
   1.00000000   0.00000000   1.40000000
   1.00000000   0.00000000   1.40000000
   3.29603051   0.91920216   2.95000000
   1.00000000   0.00000000   1.40000000
   6.51644207   3.68184016   3.10000000
   3.00848540  23.51197660   2.95000000
   1.00000000   0.00000000   1.40000000
   1.00000000   0.00000000   1.40000000
   3.00848540  23.51197660   2.95000000
   1.00000000   0.00000000   1.40000000
   1.00000000   0.00000000   1.40000000
   5.99708166   0.73993618   3.10000000
   6.76485820  12.67063400   2.90000000
   3.29603051   0.91920216   2.95000000
   1.00000000   0.00000000   1.40000000
   0.31705364   7.14828051   3.10000000
   1.00000000   0.00000000   1.40000000
   1.00000000   0.00000000   1.40000000
   1.00000000   0.00000000   1.40000000
| Dynamic Memory, Types Used:
| Reals                1446
| Integers             3133

--------------------------------------------------------------------------------
   4.  RESULTS
--------------------------------------------------------------------------------


 NSTEP =        0   TIME(PS) =       0.000  TEMP(K) =   271.30  PRESS =     0.0
 Etot   =      -202.9189  EKtot   =        27.4950  EPtot      =      -230.4139
 BOND   =         2.2640  ANGLE   =         1.9809  DIHED      =         9.3097
 1-4 NB =         3.6952  1-4 EEL =      -228.1303  VDWAALS    =        -3.1079
 EELEC  =        68.9443  EGB     =       -83.6441  RESTRAINT  =         0.0000
 ESURF=        -1.7257
 ------------------------------------------------------------------------------


 NSTEP =        1   TIME(PS) =       0.001  TEMP(K) =   271.30  PRESS =     0.0
 Etot   =      -202.9189  EKtot   =        27.4950  EPtot      =      -230.4139
 BOND   =         2.2640  ANGLE   =         1.9809  DIHED      =         9.3097
 1-4 NB =         3.6952  1-4 EEL =      -228.1303  VDWAALS    =        -3.1079
 EELEC  =        68.9443  EGB     =       -83.6441  RESTRAINT  =         0.0000
 ESURF=        -1.7257
 ------------------------------------------------------------------------------


 NSTEP =        2   TIME(PS) =       0.002  TEMP(K) =   244.69  PRESS =     0.0
 Etot   =      -202.7228  EKtot   =        24.7984  EPtot      =      -227.5212
 BOND   =         4.0507  ANGLE   =         2.7168  DIHED      =         9.3353
 1-4 NB =         3.7316  1-4 EEL =      -227.5848  VDWAALS    =        -3.1153
 EELEC  =        68.7767  EGB     =       -83.7076  RESTRAINT  =         0.0000
 ESURF=        -1.7245
 ------------------------------------------------------------------------------


 NSTEP =        3   TIME(PS) =       0.003  TEMP(K) =   190.62  PRESS =     0.0
 Etot   =      -202.3631  EKtot   =        19.3191  EPtot      =      -221.6821
 BOND   =         7.9333  ANGLE   =         4.2874  DIHED      =         9.3896
 1-4 NB =         3.7689  1-4 EEL =      -227.0405  VDWAALS    =        -3.1175
 EELEC  =        68.6055  EGB     =       -83.7856  RESTRAINT  =         0.0000
 ESURF=        -1.7233
 ------------------------------------------------------------------------------


 NSTEP =        4   TIME(PS) =       0.004  TEMP(K) =   156.97  PRESS =     0.0
 Etot   =      -202.2337  EKtot   =        15.9082  EPtot      =      -218.1419
 BOND   =         9.1190  ANGLE   =         6.2516  DIHED      =         9.4683
 1-4 NB =         3.7847  1-4 EEL =      -226.4973  VDWAALS    =        -3.1124
 EELEC  =        68.4201  EGB     =       -83.8536  RESTRAINT  =         0.0000
 ESURF=        -1.7224
 ------------------------------------------------------------------------------


 NSTEP =        5   TIME(PS) =       0.005  TEMP(K) =   160.68  PRESS =     0.0
 Etot   =      -202.4343  EKtot   =        16.2846  EPtot      =      -218.7189
 BOND   =         6.3319  ANGLE   =         8.0784  DIHED      =         9.5658
 1-4 NB =         3.7678  1-4 EEL =      -225.9554  VDWAALS    =        -3.0996
 EELEC  =        68.2000  EGB     =       -83.8863  RESTRAINT  =         0.0000
 ESURF=        -1.7217
 ------------------------------------------------------------------------------


      A V E R A G E S   O V E R       5 S T E P S


 NSTEP =        5   TIME(PS) =       0.005  TEMP(K) =   204.85  PRESS =     0.0
 Etot   =      -202.5346  EKtot   =        20.7611  EPtot      =      -223.2956
 BOND   =         5.9398  ANGLE   =         4.6630  DIHED      =         9.4138
 1-4 NB =         3.7497  1-4 EEL =      -227.0416  VDWAALS    =        -3.1105
 EELEC  =        68.5893  EGB     =       -83.7755  RESTRAINT  =         0.0000
 ESURF=        -1.7235
 ------------------------------------------------------------------------------


      R M S  F L U C T U A T I O N S


 NSTEP =        5   TIME(PS) =       0.005  TEMP(K) =    45.71  PRESS =     0.0
 Etot   =         0.2503  EKtot   =         4.6328  EPtot      =         4.8711
 BOND   =         2.5026  ANGLE   =         2.2499  DIHED      =         0.0935
 1-4 NB =         0.0323  1-4 EEL =         0.7690  VDWAALS    =         0.0064
 EELEC  =         0.2614  EGB     =         0.0898  RESTRAINT  =         0.0000
 ESURF=         0.0015
 ------------------------------------------------------------------------------

--------------------------------------------------------------------------------
   5.  TIMINGS
--------------------------------------------------------------------------------

|  NonSetup CPU Time in Major Routines:
|
|     Routine           Sec        %
|     ------------------------------
|     Nonbond           0.00   31.41
|     Bond              0.00    0.17
|     Angle             0.00    1.30
|     Dihedral          0.00    5.69
|     Shake             0.00    0.00
|     RunMD             0.00   60.95
|     Other             0.00    0.48
|     ------------------------------
|     Total             0.01

|  Generalized Born CPU Time:
|
|     Routine                 Sec        %
|     ------------------------------------
|     Radii Calc              0.00   10.79
|     Diagonal Calc           0.00   12.70
|     Off Diagonal Calc       0.00    7.29
|     GBSA LCPO Calc          0.00    0.10
|     ---------------------------------
|     Total                   0.00   30.78

|  Final Performance Info:
|     -----------------------------------------------------
|     Average timings for last       5 steps:
|     Elapsed(s) =       0.01 Per Step(ms) =       2.75
|         ns/day =      31.40   seconds/ns =    2751.17
|
|     Average timings for all steps:
|     Elapsed(s) =       0.01 Per Step(ms) =       2.75
|         ns/day =      31.40   seconds/ns =    2751.17
|     -----------------------------------------------------

|  Setup CPU time:            0.01 seconds
|  NonSetup CPU time:         0.01 seconds
|  Total CPU time:            0.02 seconds     0.00 hours

|  Setup wall time:           0    seconds
|  NonSetup wall time:        0    seconds
|  Total wall time:           0    seconds     0.00 hours
